  [1m[36m (1.0ms)[0m  [1mCREATE TABLE "artists" ("id" INTEGER PRIMARY KEY AUTOINCREMENT NOT NULL, "name" varchar, "created_at" datetime NOT NULL, "updated_at" datetime NOT NULL) [0m
  [1m[35m (0.7ms)[0m  CREATE TABLE "songs" ("id" INTEGER PRIMARY KEY AUTOINCREMENT NOT NULL, "title" varchar, "created_at" datetime NOT NULL, "updated_at" datetime NOT NULL) 
  [1m[36m (1.0ms)[0m  [1mCREATE TABLE "schema_migrations" ("version" varchar NOT NULL) [0m
  [1m[35m (0.0ms)[0m  select sqlite_version(*)
  [1m[36m (0.9ms)[0m  [1mCREATE UNIQUE INDEX "unique_schema_migrations" ON "schema_migrations" ("version")[0m
  [1m[35m (0.1ms)[0m  SELECT version FROM "schema_migrations"
  [1m[36m (0.9ms)[0m  [1mINSERT INTO "schema_migrations" (version) VALUES ('20160108015408')[0m
  [1m[35m (0.9ms)[0m  INSERT INTO "schema_migrations" (version) VALUES ('20160108015311')
  [1m[36m (0.7ms)[0m  [1mCREATE TABLE "artists" ("id" INTEGER PRIMARY KEY AUTOINCREMENT NOT NULL, "name" varchar, "created_at" datetime NOT NULL, "updated_at" datetime NOT NULL) [0m
  [1m[35m (0.6ms)[0m  CREATE TABLE "songs" ("id" INTEGER PRIMARY KEY AUTOINCREMENT NOT NULL, "title" varchar, "created_at" datetime NOT NULL, "updated_at" datetime NOT NULL) 
  [1m[36m (0.6ms)[0m  [1mCREATE TABLE "schema_migrations" ("version" varchar NOT NULL) [0m
  [1m[35m (0.0ms)[0m  select sqlite_version(*)
  [1m[36m (0.6ms)[0m  [1mCREATE UNIQUE INDEX "unique_schema_migrations" ON "schema_migrations" ("version")[0m
  [1m[35m (0.1ms)[0m  SELECT version FROM "schema_migrations"
  [1m[36m (0.7ms)[0m  [1mINSERT INTO "schema_migrations" (version) VALUES ('20160108015408')[0m
  [1m[35m (1.1ms)[0m  INSERT INTO "schema_migrations" (version) VALUES ('20160108015311')
  [1m[36mActiveRecord::SchemaMigration Load (0.2ms)[0m  [1mSELECT "schema_migrations".* FROM "schema_migrations"[0m


Started GET "/" for ::1 at 2016-01-26 17:54:19 -0500
  [1m[36mActiveRecord::SchemaMigration Load (0.4ms)[0m  [1mSELECT "schema_migrations".* FROM "schema_migrations"[0m
Processing by Rails::WelcomeController#index as HTML
  Rendered /Users/scottcreynolds/.rvm/gems/ruby-2.1.2/gems/railties-4.2.5/lib/rails/templates/rails/welcome/index.html.erb (1.6ms)
Completed 200 OK in 12ms (Views: 11.9ms | ActiveRecord: 0.0ms)


Started GET "/songs" for ::1 at 2016-01-26 18:06:51 -0500
Processing by SongsController#index as HTML
Completed 500 Internal Server Error in 10ms (ActiveRecord: 0.0ms)

ActionView::MissingTemplate (Missing template songs/index, application/index with {:locale=>[:en], :formats=>[:html], :variants=>[], :handlers=>[:erb, :builder, :raw, :ruby, :jbuilder]}. Searched in:
  * "/Users/scottcreynolds/code/learn/refactoring-views-with-helpers-lab/app/views"
):
  actionview (4.2.5) lib/action_view/path_set.rb:46:in `find'
  actionview (4.2.5) lib/action_view/lookup_context.rb:121:in `find'
  actionview (4.2.5) lib/action_view/renderer/abstract_renderer.rb:18:in `find_template'
  actionview (4.2.5) lib/action_view/renderer/template_renderer.rb:40:in `determine_template'
  actionview (4.2.5) lib/action_view/renderer/template_renderer.rb:8:in `render'
  actionview (4.2.5) lib/action_view/renderer/renderer.rb:42:in `render_template'
  actionview (4.2.5) lib/action_view/renderer/renderer.rb:23:in `render'
  actionview (4.2.5) lib/action_view/rendering.rb:100:in `_render_template'
  actionpack (4.2.5) lib/action_controller/metal/streaming.rb:217:in `_render_template'
  actionview (4.2.5) lib/action_view/rendering.rb:83:in `render_to_body'
  actionpack (4.2.5) lib/action_controller/metal/rendering.rb:32:in `render_to_body'
  actionpack (4.2.5) lib/action_controller/metal/renderers.rb:37:in `render_to_body'
  actionpack (4.2.5) lib/abstract_controller/rendering.rb:25:in `render'
  actionpack (4.2.5) lib/action_controller/metal/rendering.rb:16:in `render'
  actionpack (4.2.5) lib/action_controller/metal/instrumentation.rb:44:in `block (2 levels) in render'
  activesupport (4.2.5) lib/active_support/core_ext/benchmark.rb:12:in `block in ms'
  /Users/scottcreynolds/.rvm/rubies/ruby-2.1.2/lib/ruby/2.1.0/benchmark.rb:294:in `realtime'
  activesupport (4.2.5) lib/active_support/core_ext/benchmark.rb:12:in `ms'
  actionpack (4.2.5) lib/action_controller/metal/instrumentation.rb:44:in `block in render'
  actionpack (4.2.5) lib/action_controller/metal/instrumentation.rb:87:in `cleanup_view_runtime'
  activerecord (4.2.5) lib/active_record/railties/controller_runtime.rb:25:in `cleanup_view_runtime'
  actionpack (4.2.5) lib/action_controller/metal/instrumentation.rb:43:in `render'
  actionpack (4.2.5) lib/action_controller/metal/implicit_render.rb:10:in `default_render'
  actionpack (4.2.5) lib/action_controller/metal/implicit_render.rb:5:in `send_action'
  actionpack (4.2.5) lib/abstract_controller/base.rb:198:in `process_action'
  actionpack (4.2.5) lib/action_controller/metal/rendering.rb:10:in `process_action'
  actionpack (4.2.5) lib/abstract_controller/callbacks.rb:20:in `block in process_action'
  activesupport (4.2.5) lib/active_support/callbacks.rb:117:in `call'
  activesupport (4.2.5) lib/active_support/callbacks.rb:117:in `call'
  activesupport (4.2.5) lib/active_support/callbacks.rb:555:in `block (2 levels) in compile'
  activesupport (4.2.5) lib/active_support/callbacks.rb:505:in `call'
  activesupport (4.2.5) lib/active_support/callbacks.rb:505:in `call'
  activesupport (4.2.5) lib/active_support/callbacks.rb:92:in `__run_callbacks__'
  activesupport (4.2.5) lib/active_support/callbacks.rb:778:in `_run_process_action_callbacks'
  activesupport (4.2.5) lib/active_support/callbacks.rb:81:in `run_callbacks'
  actionpack (4.2.5) lib/abstract_controller/callbacks.rb:19:in `process_action'
  actionpack (4.2.5) lib/action_controller/metal/rescue.rb:29:in `process_action'
  actionpack (4.2.5) lib/action_controller/metal/instrumentation.rb:32:in `block in process_action'
  activesupport (4.2.5) lib/active_support/notifications.rb:164:in `block in instrument'
  activesupport (4.2.5) lib/active_support/notifications/instrumenter.rb:20:in `instrument'
  activesupport (4.2.5) lib/active_support/notifications.rb:164:in `instrument'
  actionpack (4.2.5) lib/action_controller/metal/instrumentation.rb:30:in `process_action'
  actionpack (4.2.5) lib/action_controller/metal/params_wrapper.rb:250:in `process_action'
  activerecord (4.2.5) lib/active_record/railties/controller_runtime.rb:18:in `process_action'
  actionpack (4.2.5) lib/abstract_controller/base.rb:137:in `process'
  actionview (4.2.5) lib/action_view/rendering.rb:30:in `process'
  actionpack (4.2.5) lib/action_controller/metal.rb:196:in `dispatch'
  actionpack (4.2.5) lib/action_controller/metal/rack_delegation.rb:13:in `dispatch'
  actionpack (4.2.5) lib/action_controller/metal.rb:237:in `block in action'
  actionpack (4.2.5) lib/action_dispatch/routing/route_set.rb:76:in `call'
  actionpack (4.2.5) lib/action_dispatch/routing/route_set.rb:76:in `dispatch'
  actionpack (4.2.5) lib/action_dispatch/routing/route_set.rb:45:in `serve'
  actionpack (4.2.5) lib/action_dispatch/journey/router.rb:43:in `block in serve'
  actionpack (4.2.5) lib/action_dispatch/journey/router.rb:30:in `each'
  actionpack (4.2.5) lib/action_dispatch/journey/router.rb:30:in `serve'
  actionpack (4.2.5) lib/action_dispatch/routing/route_set.rb:817:in `call'
  rack (1.6.4) lib/rack/etag.rb:24:in `call'
  rack (1.6.4) lib/rack/conditionalget.rb:25:in `call'
  rack (1.6.4) lib/rack/head.rb:13:in `call'
  actionpack (4.2.5) lib/action_dispatch/middleware/params_parser.rb:27:in `call'
  actionpack (4.2.5) lib/action_dispatch/middleware/flash.rb:260:in `call'
  rack (1.6.4) lib/rack/session/abstract/id.rb:225:in `context'
  rack (1.6.4) lib/rack/session/abstract/id.rb:220:in `call'
  actionpack (4.2.5) lib/action_dispatch/middleware/cookies.rb:560:in `call'
  activerecord (4.2.5) lib/active_record/query_cache.rb:36:in `call'
  activerecord (4.2.5) lib/active_record/connection_adapters/abstract/connection_pool.rb:653:in `call'
  activerecord (4.2.5) lib/active_record/migration.rb:377:in `call'
  actionpack (4.2.5) lib/action_dispatch/middleware/callbacks.rb:29:in `block in call'
  activesupport (4.2.5) lib/active_support/callbacks.rb:88:in `__run_callbacks__'
  activesupport (4.2.5) lib/active_support/callbacks.rb:778:in `_run_call_callbacks'
  activesupport (4.2.5) lib/active_support/callbacks.rb:81:in `run_callbacks'
  actionpack (4.2.5) lib/action_dispatch/middleware/callbacks.rb:27:in `call'
  actionpack (4.2.5) lib/action_dispatch/middleware/reloader.rb:73:in `call'
  actionpack (4.2.5) lib/action_dispatch/middleware/remote_ip.rb:78:in `call'
  actionpack (4.2.5) lib/action_dispatch/middleware/debug_exceptions.rb:17:in `call'
  web-console (2.2.1) lib/web_console/middleware.rb:39:in `call'
  actionpack (4.2.5) lib/action_dispatch/middleware/show_exceptions.rb:30:in `call'
  railties (4.2.5) lib/rails/rack/logger.rb:38:in `call_app'
  railties (4.2.5) lib/rails/rack/logger.rb:20:in `block in call'
  activesupport (4.2.5) lib/active_support/tagged_logging.rb:68:in `block in tagged'
  activesupport (4.2.5) lib/active_support/tagged_logging.rb:26:in `tagged'
  activesupport (4.2.5) lib/active_support/tagged_logging.rb:68:in `tagged'
  railties (4.2.5) lib/rails/rack/logger.rb:20:in `call'
  actionpack (4.2.5) lib/action_dispatch/middleware/request_id.rb:21:in `call'
  rack (1.6.4) lib/rack/methodoverride.rb:22:in `call'
  rack (1.6.4) lib/rack/runtime.rb:18:in `call'
  activesupport (4.2.5) lib/active_support/cache/strategy/local_cache_middleware.rb:28:in `call'
  rack (1.6.4) lib/rack/lock.rb:17:in `call'
  actionpack (4.2.5) lib/action_dispatch/middleware/static.rb:116:in `call'
  rack (1.6.4) lib/rack/sendfile.rb:113:in `call'
  railties (4.2.5) lib/rails/engine.rb:518:in `call'
  railties (4.2.5) lib/rails/application.rb:165:in `call'
  rack (1.6.4) lib/rack/lock.rb:17:in `call'
  rack (1.6.4) lib/rack/content_length.rb:15:in `call'
  rack (1.6.4) lib/rack/handler/webrick.rb:88:in `service'
  /Users/scottcreynolds/.rvm/rubies/ruby-2.1.2/lib/ruby/2.1.0/webrick/httpserver.rb:138:in `service'
  /Users/scottcreynolds/.rvm/rubies/ruby-2.1.2/lib/ruby/2.1.0/webrick/httpserver.rb:94:in `run'
  /Users/scottcreynolds/.rvm/rubies/ruby-2.1.2/lib/ruby/2.1.0/webrick/server.rb:295:in `block in start_thread'


  Rendered /Users/scottcreynolds/.rvm/gems/ruby-2.1.2/gems/actionpack-4.2.5/lib/action_dispatch/middleware/templates/rescues/_source.erb (6.8ms)
  Rendered /Users/scottcreynolds/.rvm/gems/ruby-2.1.2/gems/actionpack-4.2.5/lib/action_dispatch/middleware/templates/rescues/_trace.html.erb (2.4ms)
  Rendered /Users/scottcreynolds/.rvm/gems/ruby-2.1.2/gems/actionpack-4.2.5/lib/action_dispatch/middleware/templates/rescues/_request_and_response.html.erb (7.8ms)
  Rendered /Users/scottcreynolds/.rvm/gems/ruby-2.1.2/gems/actionpack-4.2.5/lib/action_dispatch/middleware/templates/rescues/missing_template.html.erb within rescues/layout (30.4ms)
  Rendered /Users/scottcreynolds/.rvm/gems/ruby-2.1.2/gems/web-console-2.2.1/lib/web_console/templates/_markup.html.erb (0.4ms)
  Rendered /Users/scottcreynolds/.rvm/gems/ruby-2.1.2/gems/web-console-2.2.1/lib/web_console/templates/_inner_console_markup.html.erb within layouts/inlined_string (0.2ms)
  Rendered /Users/scottcreynolds/.rvm/gems/ruby-2.1.2/gems/web-console-2.2.1/lib/web_console/templates/_prompt_box_markup.html.erb within layouts/inlined_string (0.2ms)
  Rendered /Users/scottcreynolds/.rvm/gems/ruby-2.1.2/gems/web-console-2.2.1/lib/web_console/templates/style.css.erb within layouts/inlined_string (0.2ms)
  Rendered /Users/scottcreynolds/.rvm/gems/ruby-2.1.2/gems/web-console-2.2.1/lib/web_console/templates/console.js.erb within layouts/javascript (14.5ms)
  Rendered /Users/scottcreynolds/.rvm/gems/ruby-2.1.2/gems/web-console-2.2.1/lib/web_console/templates/main.js.erb within layouts/javascript (0.2ms)
  Rendered /Users/scottcreynolds/.rvm/gems/ruby-2.1.2/gems/web-console-2.2.1/lib/web_console/templates/error_page.js.erb within layouts/javascript (0.6ms)
  Rendered /Users/scottcreynolds/.rvm/gems/ruby-2.1.2/gems/web-console-2.2.1/lib/web_console/templates/index.html.erb (37.7ms)


Started GET "/songs" for ::1 at 2016-01-26 19:18:17 -0500
  [1m[35mActiveRecord::SchemaMigration Load (0.4ms)[0m  SELECT "schema_migrations".* FROM "schema_migrations"

ActiveRecord::PendingMigrationError (

Migrations are pending. To resolve this issue, run:

	bin/rake db:migrate RAILS_ENV=development

):
  activerecord (4.2.5) lib/active_record/migration.rb:392:in `check_pending!'
  activerecord (4.2.5) lib/active_record/migration.rb:373:in `call'
  actionpack (4.2.5) lib/action_dispatch/middleware/callbacks.rb:29:in `block in call'
  activesupport (4.2.5) lib/active_support/callbacks.rb:88:in `__run_callbacks__'
  activesupport (4.2.5) lib/active_support/callbacks.rb:778:in `_run_call_callbacks'
  activesupport (4.2.5) lib/active_support/callbacks.rb:81:in `run_callbacks'
  actionpack (4.2.5) lib/action_dispatch/middleware/callbacks.rb:27:in `call'
  actionpack (4.2.5) lib/action_dispatch/middleware/reloader.rb:73:in `call'
  actionpack (4.2.5) lib/action_dispatch/middleware/remote_ip.rb:78:in `call'
  actionpack (4.2.5) lib/action_dispatch/middleware/debug_exceptions.rb:17:in `call'
  web-console (2.2.1) lib/web_console/middleware.rb:39:in `call'
  actionpack (4.2.5) lib/action_dispatch/middleware/show_exceptions.rb:30:in `call'
  railties (4.2.5) lib/rails/rack/logger.rb:38:in `call_app'
  railties (4.2.5) lib/rails/rack/logger.rb:20:in `block in call'
  activesupport (4.2.5) lib/active_support/tagged_logging.rb:68:in `block in tagged'
  activesupport (4.2.5) lib/active_support/tagged_logging.rb:26:in `tagged'
  activesupport (4.2.5) lib/active_support/tagged_logging.rb:68:in `tagged'
  railties (4.2.5) lib/rails/rack/logger.rb:20:in `call'
  actionpack (4.2.5) lib/action_dispatch/middleware/request_id.rb:21:in `call'
  rack (1.6.4) lib/rack/methodoverride.rb:22:in `call'
  rack (1.6.4) lib/rack/runtime.rb:18:in `call'
  activesupport (4.2.5) lib/active_support/cache/strategy/local_cache_middleware.rb:28:in `call'
  rack (1.6.4) lib/rack/lock.rb:17:in `call'
  actionpack (4.2.5) lib/action_dispatch/middleware/static.rb:116:in `call'
  rack (1.6.4) lib/rack/sendfile.rb:113:in `call'
  railties (4.2.5) lib/rails/engine.rb:518:in `call'
  railties (4.2.5) lib/rails/application.rb:165:in `call'
  rack (1.6.4) lib/rack/lock.rb:17:in `call'
  rack (1.6.4) lib/rack/content_length.rb:15:in `call'
  rack (1.6.4) lib/rack/handler/webrick.rb:88:in `service'
  /Users/scottcreynolds/.rvm/rubies/ruby-2.1.2/lib/ruby/2.1.0/webrick/httpserver.rb:138:in `service'
  /Users/scottcreynolds/.rvm/rubies/ruby-2.1.2/lib/ruby/2.1.0/webrick/httpserver.rb:94:in `run'
  /Users/scottcreynolds/.rvm/rubies/ruby-2.1.2/lib/ruby/2.1.0/webrick/server.rb:295:in `block in start_thread'


  Rendered /Users/scottcreynolds/.rvm/gems/ruby-2.1.2/gems/actionpack-4.2.5/lib/action_dispatch/middleware/templates/rescues/_source.erb (2.5ms)
  Rendered /Users/scottcreynolds/.rvm/gems/ruby-2.1.2/gems/actionpack-4.2.5/lib/action_dispatch/middleware/templates/rescues/_trace.html.erb (1.7ms)
  Rendered /Users/scottcreynolds/.rvm/gems/ruby-2.1.2/gems/actionpack-4.2.5/lib/action_dispatch/middleware/templates/rescues/_request_and_response.html.erb (1.0ms)
  Rendered /Users/scottcreynolds/.rvm/gems/ruby-2.1.2/gems/actionpack-4.2.5/lib/action_dispatch/middleware/templates/rescues/diagnostics.html.erb within rescues/layout (18.4ms)
  Rendered /Users/scottcreynolds/.rvm/gems/ruby-2.1.2/gems/web-console-2.2.1/lib/web_console/templates/_markup.html.erb (1.2ms)
  Rendered /Users/scottcreynolds/.rvm/gems/ruby-2.1.2/gems/web-console-2.2.1/lib/web_console/templates/_inner_console_markup.html.erb within layouts/inlined_string (4.7ms)
  Rendered /Users/scottcreynolds/.rvm/gems/ruby-2.1.2/gems/web-console-2.2.1/lib/web_console/templates/_prompt_box_markup.html.erb within layouts/inlined_string (0.4ms)
  Rendered /Users/scottcreynolds/.rvm/gems/ruby-2.1.2/gems/web-console-2.2.1/lib/web_console/templates/style.css.erb within layouts/inlined_string (0.3ms)
  Rendered /Users/scottcreynolds/.rvm/gems/ruby-2.1.2/gems/web-console-2.2.1/lib/web_console/templates/console.js.erb within layouts/javascript (21.8ms)
  Rendered /Users/scottcreynolds/.rvm/gems/ruby-2.1.2/gems/web-console-2.2.1/lib/web_console/templates/main.js.erb within layouts/javascript (0.2ms)
  Rendered /Users/scottcreynolds/.rvm/gems/ruby-2.1.2/gems/web-console-2.2.1/lib/web_console/templates/error_page.js.erb within layouts/javascript (0.6ms)
  Rendered /Users/scottcreynolds/.rvm/gems/ruby-2.1.2/gems/web-console-2.2.1/lib/web_console/templates/index.html.erb (48.7ms)
  [1m[36mActiveRecord::SchemaMigration Load (0.4ms)[0m  [1mSELECT "schema_migrations".* FROM "schema_migrations"[0m
Migrating to AddArtistToSong (20160126235547)
  [1m[35m (0.1ms)[0m  begin transaction
  [1m[36m (0.9ms)[0m  [1mALTER TABLE "songs" ADD "artist_id" integer[0m
  [1m[35m (0.1ms)[0m  select sqlite_version(*)
  [1m[36m (0.5ms)[0m  [1mCREATE  INDEX "index_songs_on_artist_id" ON "songs" ("artist_id")[0m
  [1m[35mSQL (0.5ms)[0m  INSERT INTO "schema_migrations" ("version") VALUES (?)  [["version", "20160126235547"]]
  [1m[36m (0.7ms)[0m  [1mcommit transaction[0m
  [1m[35mActiveRecord::SchemaMigration Load (0.1ms)[0m  SELECT "schema_migrations".* FROM "schema_migrations"
  [1m[36m (0.1ms)[0m  [1m            SELECT sql
            FROM sqlite_master
            WHERE name='index_songs_on_artist_id' AND type='index'
            UNION ALL
            SELECT sql
            FROM sqlite_temp_master
            WHERE name='index_songs_on_artist_id' AND type='index'
[0m


Started GET "/songs" for ::1 at 2016-01-26 19:18:46 -0500
  [1m[36mActiveRecord::SchemaMigration Load (0.1ms)[0m  [1mSELECT "schema_migrations".* FROM "schema_migrations"[0m
Processing by SongsController#index as HTML
  [1m[35mSong Load (0.1ms)[0m  SELECT "songs".* FROM "songs"
  Rendered songs/index.html.erb within layouts/application (1.4ms)
Completed 200 OK in 176ms (Views: 170.0ms | ActiveRecord: 0.2ms)


Started GET "/assets/application.self-e80e8f2318043e8af94dddc2adad5a4f09739a8ebb323b3ab31cd71d45fd9113.css?body=1" for ::1 at 2016-01-26 19:18:47 -0500


Started GET "/songs" for ::1 at 2016-01-26 19:19:59 -0500
Processing by SongsController#index as HTML
  [1m[36mSong Load (0.1ms)[0m  [1mSELECT "songs".* FROM "songs"[0m
  Rendered songs/index.html.erb within layouts/application (1.0ms)
Completed 200 OK in 6ms (Views: 5.2ms | ActiveRecord: 0.1ms)


Started GET "/assets/application.self-e80e8f2318043e8af94dddc2adad5a4f09739a8ebb323b3ab31cd71d45fd9113.css?body=1" for ::1 at 2016-01-26 19:20:00 -0500


Started GET "/songs/new" for ::1 at 2016-01-26 19:20:01 -0500
Processing by SongsController#new as HTML
  Rendered songs/new.html.erb within layouts/application (35.6ms)
Completed 200 OK in 44ms (Views: 40.7ms | ActiveRecord: 0.2ms)


Started POST "/songs" for ::1 at 2016-01-26 19:20:14 -0500
Processing by SongsController#create as HTML
  Parameters: {"utf8"=>"✓", "authenticity_token"=>"l/FViU6hxGTuJg84vHyXiFNor6KOK068ki0E36OgdxwWtMJ9U92CZpkgmbAOXadHFtEzG8jaWKcJtJDxZEW+XA==", "song"=>{"title"=>"Song 2", "artist_name"=>"Blur"}, "commit"=>"Create Song"}
  [1m[35mArtist Load (0.5ms)[0m  SELECT  "artists".* FROM "artists" WHERE "artists"."name" = ? LIMIT 1  [["name", "Blur"]]
  [1m[36m (0.2ms)[0m  [1mbegin transaction[0m
  [1m[35mSQL (0.7ms)[0m  INSERT INTO "artists" ("name", "created_at", "updated_at") VALUES (?, ?, ?)  [["name", "Blur"], ["created_at", "2016-01-27 00:20:14.513159"], ["updated_at", "2016-01-27 00:20:14.513159"]]
  [1m[36m (0.5ms)[0m  [1mcommit transaction[0m
  [1m[35m (0.0ms)[0m  begin transaction
  [1m[36mSQL (0.2ms)[0m  [1mINSERT INTO "songs" ("title", "artist_id", "created_at", "updated_at") VALUES (?, ?, ?, ?)[0m  [["title", "Song 2"], ["artist_id", 1], ["created_at", "2016-01-27 00:20:14.516774"], ["updated_at", "2016-01-27 00:20:14.516774"]]
  [1m[35m (0.6ms)[0m  commit transaction
Redirected to http://localhost:3000/songs/1
Completed 302 Found in 18ms (ActiveRecord: 3.0ms)


Started GET "/songs/1" for ::1 at 2016-01-26 19:20:14 -0500
Processing by SongsController#show as HTML
  Parameters: {"id"=>"1"}
  [1m[36mSong Load (0.3ms)[0m  [1mSELECT  "songs".* FROM "songs" WHERE "songs"."id" = ? LIMIT 1[0m  [["id", 1]]
  Rendered songs/show.html.erb within layouts/application (7.7ms)
Completed 500 Internal Server Error in 13ms (ActiveRecord: 0.3ms)

ActionView::Template::Error (undefined method `artist' for #<#<Class:0x007fa014568c20>:0x007fa01ab69948>):
    1: <span><%= @song.title %></span>
    2: <span><%= artist @song %></span>
    3: <br>
    4: <%= link_to "All Songs", songs_path %>
  app/views/songs/show.html.erb:2:in `_app_views_songs_show_html_erb___3652063257568161219_70162809832320'


  Rendered /Users/scottcreynolds/.rvm/gems/ruby-2.1.2/gems/actionpack-4.2.5/lib/action_dispatch/middleware/templates/rescues/_source.erb (5.5ms)
  Rendered /Users/scottcreynolds/.rvm/gems/ruby-2.1.2/gems/actionpack-4.2.5/lib/action_dispatch/middleware/templates/rescues/_trace.html.erb (2.0ms)
  Rendered /Users/scottcreynolds/.rvm/gems/ruby-2.1.2/gems/actionpack-4.2.5/lib/action_dispatch/middleware/templates/rescues/_request_and_response.html.erb (1.0ms)
  Rendered /Users/scottcreynolds/.rvm/gems/ruby-2.1.2/gems/actionpack-4.2.5/lib/action_dispatch/middleware/templates/rescues/template_error.html.erb within rescues/layout (18.7ms)
  Rendered /Users/scottcreynolds/.rvm/gems/ruby-2.1.2/gems/web-console-2.2.1/lib/web_console/templates/_markup.html.erb (0.2ms)
  Rendered /Users/scottcreynolds/.rvm/gems/ruby-2.1.2/gems/web-console-2.2.1/lib/web_console/templates/_inner_console_markup.html.erb within layouts/inlined_string (0.5ms)
  Rendered /Users/scottcreynolds/.rvm/gems/ruby-2.1.2/gems/web-console-2.2.1/lib/web_console/templates/_prompt_box_markup.html.erb within layouts/inlined_string (0.3ms)
  Rendered /Users/scottcreynolds/.rvm/gems/ruby-2.1.2/gems/web-console-2.2.1/lib/web_console/templates/style.css.erb within layouts/inlined_string (0.4ms)
  Rendered /Users/scottcreynolds/.rvm/gems/ruby-2.1.2/gems/web-console-2.2.1/lib/web_console/templates/console.js.erb within layouts/javascript (15.1ms)
  Rendered /Users/scottcreynolds/.rvm/gems/ruby-2.1.2/gems/web-console-2.2.1/lib/web_console/templates/main.js.erb within layouts/javascript (0.3ms)
  Rendered /Users/scottcreynolds/.rvm/gems/ruby-2.1.2/gems/web-console-2.2.1/lib/web_console/templates/error_page.js.erb within layouts/javascript (0.3ms)
  Rendered /Users/scottcreynolds/.rvm/gems/ruby-2.1.2/gems/web-console-2.2.1/lib/web_console/templates/index.html.erb (28.7ms)


Started GET "/songs/new" for ::1 at 2016-01-26 19:20:53 -0500
Processing by SongsController#new as HTML
  Rendered songs/new.html.erb within layouts/application (1.9ms)
Completed 200 OK in 6ms (Views: 5.4ms | ActiveRecord: 0.0ms)


Started GET "/assets/application.self-e80e8f2318043e8af94dddc2adad5a4f09739a8ebb323b3ab31cd71d45fd9113.css?body=1" for ::1 at 2016-01-26 19:20:53 -0500


Started GET "/songs" for ::1 at 2016-01-26 19:22:42 -0500

ActionController::RoutingError (Couldn't find SongsHelper, expected it to be defined in helpers/songs_helper.rb):
  app/controllers/application_controller.rb:1:in `<top (required)>'
  app/controllers/songs_controller.rb:1:in `<top (required)>'


  Rendered /Users/scottcreynolds/.rvm/gems/ruby-2.1.2/gems/actionpack-4.2.5/lib/action_dispatch/middleware/templates/rescues/_trace.html.erb (2.0ms)
  Rendered /Users/scottcreynolds/.rvm/gems/ruby-2.1.2/gems/actionpack-4.2.5/lib/action_dispatch/middleware/templates/routes/_route.html.erb (2.3ms)
  Rendered /Users/scottcreynolds/.rvm/gems/ruby-2.1.2/gems/actionpack-4.2.5/lib/action_dispatch/middleware/templates/routes/_table.html.erb (2.9ms)
  Rendered /Users/scottcreynolds/.rvm/gems/ruby-2.1.2/gems/actionpack-4.2.5/lib/action_dispatch/middleware/templates/rescues/_request_and_response.html.erb (1.5ms)
  Rendered /Users/scottcreynolds/.rvm/gems/ruby-2.1.2/gems/actionpack-4.2.5/lib/action_dispatch/middleware/templates/rescues/routing_error.html.erb within rescues/layout (34.6ms)
  Rendered /Users/scottcreynolds/.rvm/gems/ruby-2.1.2/gems/web-console-2.2.1/lib/web_console/templates/_markup.html.erb (0.3ms)
  Rendered /Users/scottcreynolds/.rvm/gems/ruby-2.1.2/gems/web-console-2.2.1/lib/web_console/templates/_inner_console_markup.html.erb within layouts/inlined_string (0.3ms)
  Rendered /Users/scottcreynolds/.rvm/gems/ruby-2.1.2/gems/web-console-2.2.1/lib/web_console/templates/_prompt_box_markup.html.erb within layouts/inlined_string (0.2ms)
  Rendered /Users/scottcreynolds/.rvm/gems/ruby-2.1.2/gems/web-console-2.2.1/lib/web_console/templates/style.css.erb within layouts/inlined_string (0.2ms)
  Rendered /Users/scottcreynolds/.rvm/gems/ruby-2.1.2/gems/web-console-2.2.1/lib/web_console/templates/console.js.erb within layouts/javascript (11.6ms)
  Rendered /Users/scottcreynolds/.rvm/gems/ruby-2.1.2/gems/web-console-2.2.1/lib/web_console/templates/main.js.erb within layouts/javascript (0.2ms)
  Rendered /Users/scottcreynolds/.rvm/gems/ruby-2.1.2/gems/web-console-2.2.1/lib/web_console/templates/error_page.js.erb within layouts/javascript (0.4ms)
  Rendered /Users/scottcreynolds/.rvm/gems/ruby-2.1.2/gems/web-console-2.2.1/lib/web_console/templates/index.html.erb (25.4ms)


Started GET "/songs" for ::1 at 2016-01-26 19:23:19 -0500
Processing by SongsController#index as HTML
  [1m[35mSong Load (0.3ms)[0m  SELECT "songs".* FROM "songs"
  Rendered songs/index.html.erb within layouts/application (3.8ms)
Completed 200 OK in 12ms (Views: 8.9ms | ActiveRecord: 0.5ms)


Started GET "/assets/application.self-e80e8f2318043e8af94dddc2adad5a4f09739a8ebb323b3ab31cd71d45fd9113.css?body=1" for ::1 at 2016-01-26 19:23:19 -0500


Started GET "/songs/new" for ::1 at 2016-01-26 23:06:19 -0500
Processing by SongsController#new as HTML
  Rendered songs/new.html.erb within layouts/application (12.2ms)
Completed 200 OK in 38ms (Views: 26.1ms | ActiveRecord: 0.6ms)


Started POST "/songs" for ::1 at 2016-01-26 23:06:26 -0500
Processing by SongsController#create as HTML
  Parameters: {"utf8"=>"✓", "authenticity_token"=>"LuRfmjqjkH9BSz1idWMHDcp+kS6eGGPhTTKpxWK/5s+vochuJ9/WfTZNq+rHQjfCj8cNl9jpdfrWqz3rpVovjw==", "song"=>{"title"=>"Flood", "artist_name"=>"They Might Be Giants"}, "commit"=>"Create Song"}
  [1m[36mArtist Load (0.1ms)[0m  [1mSELECT  "artists".* FROM "artists" WHERE "artists"."name" = ? LIMIT 1[0m  [["name", "They Might Be Giants"]]
  [1m[35m (0.1ms)[0m  begin transaction
  [1m[36mSQL (0.4ms)[0m  [1mINSERT INTO "artists" ("name", "created_at", "updated_at") VALUES (?, ?, ?)[0m  [["name", "They Might Be Giants"], ["created_at", "2016-01-27 04:06:26.282701"], ["updated_at", "2016-01-27 04:06:26.282701"]]
  [1m[35m (0.7ms)[0m  commit transaction
  [1m[36m (0.0ms)[0m  [1mbegin transaction[0m
  [1m[35mSQL (0.3ms)[0m  INSERT INTO "songs" ("title", "artist_id", "created_at", "updated_at") VALUES (?, ?, ?, ?)  [["title", "Flood"], ["artist_id", 2], ["created_at", "2016-01-27 04:06:26.286464"], ["updated_at", "2016-01-27 04:06:26.286464"]]
  [1m[36m (0.7ms)[0m  [1mcommit transaction[0m
Redirected to http://localhost:3000/songs/2
Completed 302 Found in 14ms (ActiveRecord: 2.6ms)


Started GET "/songs/2" for ::1 at 2016-01-26 23:06:26 -0500
Processing by SongsController#show as HTML
  Parameters: {"id"=>"2"}
  [1m[35mSong Load (0.2ms)[0m  SELECT  "songs".* FROM "songs" WHERE "songs"."id" = ? LIMIT 1  [["id", 2]]
  [1m[36mArtist Load (0.2ms)[0m  [1mSELECT  "artists".* FROM "artists" WHERE "artists"."id" = ? LIMIT 1[0m  [["id", 2]]
  Rendered songs/show.html.erb within layouts/application (8.2ms)
Completed 200 OK in 15ms (Views: 13.2ms | ActiveRecord: 0.3ms)


Started GET "/songs" for ::1 at 2016-01-26 23:06:29 -0500
Processing by SongsController#index as HTML
  [1m[35mSong Load (0.1ms)[0m  SELECT "songs".* FROM "songs"
  [1m[36mArtist Load (0.1ms)[0m  [1mSELECT  "artists".* FROM "artists" WHERE "artists"."id" = ? LIMIT 1[0m  [["id", 1]]
  [1m[35mArtist Load (0.1ms)[0m  SELECT  "artists".* FROM "artists" WHERE "artists"."id" = ? LIMIT 1  [["id", 2]]
  Rendered songs/index.html.erb within layouts/application (2.9ms)
Completed 200 OK in 9ms (Views: 8.7ms | ActiveRecord: 0.2ms)


Started GET "/artists/2" for ::1 at 2016-01-26 23:06:32 -0500
Processing by ArtistsController#show as HTML
  Parameters: {"id"=>"2"}
  Rendered artists/show.html.erb within layouts/application (0.4ms)
Completed 200 OK in 7ms (Views: 7.0ms | ActiveRecord: 0.0ms)
  [1m[36m (1.5ms)[0m  [1mDROP TABLE "artists"[0m
  [1m[35m (1.0ms)[0m  CREATE TABLE "artists" ("id" INTEGER PRIMARY KEY AUTOINCREMENT NOT NULL, "name" varchar, "created_at" datetime NOT NULL, "updated_at" datetime NOT NULL) 
  [1m[36m (1.4ms)[0m  [1mDROP TABLE "songs"[0m
  [1m[35m (0.8ms)[0m  CREATE TABLE "songs" ("id" INTEGER PRIMARY KEY AUTOINCREMENT NOT NULL, "title" varchar, "created_at" datetime NOT NULL, "updated_at" datetime NOT NULL, "artist_id" integer) 
  [1m[36m (0.4ms)[0m  [1mselect sqlite_version(*)[0m
  [1m[35m (0.9ms)[0m  CREATE  INDEX "index_songs_on_artist_id" ON "songs" ("artist_id")
  [1m[36m (0.4ms)[0m  [1mSELECT version FROM "schema_migrations"[0m
  [1m[35m (1.5ms)[0m  DROP TABLE "artists"
  [1m[36m (0.8ms)[0m  [1mCREATE TABLE "artists" ("id" INTEGER PRIMARY KEY AUTOINCREMENT NOT NULL, "name" varchar, "created_at" datetime NOT NULL, "updated_at" datetime NOT NULL) [0m
  [1m[35m (7.3ms)[0m  DROP TABLE "songs"
  [1m[36m (2.4ms)[0m  [1mCREATE TABLE "songs" ("id" INTEGER PRIMARY KEY AUTOINCREMENT NOT NULL, "title" varchar, "created_at" datetime NOT NULL, "updated_at" datetime NOT NULL, "artist_id" integer) [0m
  [1m[35m (0.1ms)[0m  select sqlite_version(*)
  [1m[36m (0.8ms)[0m  [1mCREATE  INDEX "index_songs_on_artist_id" ON "songs" ("artist_id")[0m
  [1m[35m (0.4ms)[0m  SELECT version FROM "schema_migrations"
  [1m[36mActiveRecord::SchemaMigration Load (0.1ms)[0m  [1mSELECT "schema_migrations".* FROM "schema_migrations"[0m


Started GET "/" for ::1 at 2016-01-30 11:20:46 -0500
  [1m[36mActiveRecord::SchemaMigration Load (0.1ms)[0m  [1mSELECT "schema_migrations".* FROM "schema_migrations"[0m
Processing by Rails::WelcomeController#index as HTML
  Rendered /Users/scottcreynolds/.rvm/gems/ruby-2.1.2/gems/railties-4.2.5/lib/rails/templates/rails/welcome/index.html.erb (1.9ms)
Completed 200 OK in 10ms (Views: 9.8ms | ActiveRecord: 0.0ms)


Started GET "/artists" for ::1 at 2016-01-30 11:20:54 -0500
Processing by ArtistsController#index as HTML
Completed 500 Internal Server Error in 7ms (ActiveRecord: 0.0ms)

ActionView::MissingTemplate (Missing template artists/index, application/index with {:locale=>[:en], :formats=>[:html], :variants=>[], :handlers=>[:erb, :builder, :raw, :ruby, :jbuilder]}. Searched in:
  * "/Users/scottcreynolds/code/learn/unit10/routing-nested-resources-lab/app/views"
):
  actionview (4.2.5) lib/action_view/path_set.rb:46:in `find'
  actionview (4.2.5) lib/action_view/lookup_context.rb:121:in `find'
  actionview (4.2.5) lib/action_view/renderer/abstract_renderer.rb:18:in `find_template'
  actionview (4.2.5) lib/action_view/renderer/template_renderer.rb:40:in `determine_template'
  actionview (4.2.5) lib/action_view/renderer/template_renderer.rb:8:in `render'
  actionview (4.2.5) lib/action_view/renderer/renderer.rb:42:in `render_template'
  actionview (4.2.5) lib/action_view/renderer/renderer.rb:23:in `render'
  actionview (4.2.5) lib/action_view/rendering.rb:100:in `_render_template'
  actionpack (4.2.5) lib/action_controller/metal/streaming.rb:217:in `_render_template'
  actionview (4.2.5) lib/action_view/rendering.rb:83:in `render_to_body'
  actionpack (4.2.5) lib/action_controller/metal/rendering.rb:32:in `render_to_body'
  actionpack (4.2.5) lib/action_controller/metal/renderers.rb:37:in `render_to_body'
  actionpack (4.2.5) lib/abstract_controller/rendering.rb:25:in `render'
  actionpack (4.2.5) lib/action_controller/metal/rendering.rb:16:in `render'
  actionpack (4.2.5) lib/action_controller/metal/instrumentation.rb:44:in `block (2 levels) in render'
  activesupport (4.2.5) lib/active_support/core_ext/benchmark.rb:12:in `block in ms'
  /Users/scottcreynolds/.rvm/rubies/ruby-2.1.2/lib/ruby/2.1.0/benchmark.rb:294:in `realtime'
  activesupport (4.2.5) lib/active_support/core_ext/benchmark.rb:12:in `ms'
  actionpack (4.2.5) lib/action_controller/metal/instrumentation.rb:44:in `block in render'
  actionpack (4.2.5) lib/action_controller/metal/instrumentation.rb:87:in `cleanup_view_runtime'
  activerecord (4.2.5) lib/active_record/railties/controller_runtime.rb:25:in `cleanup_view_runtime'
  actionpack (4.2.5) lib/action_controller/metal/instrumentation.rb:43:in `render'
  actionpack (4.2.5) lib/action_controller/metal/implicit_render.rb:10:in `default_render'
  actionpack (4.2.5) lib/action_controller/metal/implicit_render.rb:5:in `send_action'
  actionpack (4.2.5) lib/abstract_controller/base.rb:198:in `process_action'
  actionpack (4.2.5) lib/action_controller/metal/rendering.rb:10:in `process_action'
  actionpack (4.2.5) lib/abstract_controller/callbacks.rb:20:in `block in process_action'
  activesupport (4.2.5) lib/active_support/callbacks.rb:117:in `call'
  activesupport (4.2.5) lib/active_support/callbacks.rb:117:in `call'
  activesupport (4.2.5) lib/active_support/callbacks.rb:555:in `block (2 levels) in compile'
  activesupport (4.2.5) lib/active_support/callbacks.rb:505:in `call'
  activesupport (4.2.5) lib/active_support/callbacks.rb:505:in `call'
  activesupport (4.2.5) lib/active_support/callbacks.rb:92:in `__run_callbacks__'
  activesupport (4.2.5) lib/active_support/callbacks.rb:778:in `_run_process_action_callbacks'
  activesupport (4.2.5) lib/active_support/callbacks.rb:81:in `run_callbacks'
  actionpack (4.2.5) lib/abstract_controller/callbacks.rb:19:in `process_action'
  actionpack (4.2.5) lib/action_controller/metal/rescue.rb:29:in `process_action'
  actionpack (4.2.5) lib/action_controller/metal/instrumentation.rb:32:in `block in process_action'
  activesupport (4.2.5) lib/active_support/notifications.rb:164:in `block in instrument'
  activesupport (4.2.5) lib/active_support/notifications/instrumenter.rb:20:in `instrument'
  activesupport (4.2.5) lib/active_support/notifications.rb:164:in `instrument'
  actionpack (4.2.5) lib/action_controller/metal/instrumentation.rb:30:in `process_action'
  actionpack (4.2.5) lib/action_controller/metal/params_wrapper.rb:250:in `process_action'
  activerecord (4.2.5) lib/active_record/railties/controller_runtime.rb:18:in `process_action'
  actionpack (4.2.5) lib/abstract_controller/base.rb:137:in `process'
  actionview (4.2.5) lib/action_view/rendering.rb:30:in `process'
  actionpack (4.2.5) lib/action_controller/metal.rb:196:in `dispatch'
  actionpack (4.2.5) lib/action_controller/metal/rack_delegation.rb:13:in `dispatch'
  actionpack (4.2.5) lib/action_controller/metal.rb:237:in `block in action'
  actionpack (4.2.5) lib/action_dispatch/routing/route_set.rb:76:in `call'
  actionpack (4.2.5) lib/action_dispatch/routing/route_set.rb:76:in `dispatch'
  actionpack (4.2.5) lib/action_dispatch/routing/route_set.rb:45:in `serve'
  actionpack (4.2.5) lib/action_dispatch/journey/router.rb:43:in `block in serve'
  actionpack (4.2.5) lib/action_dispatch/journey/router.rb:30:in `each'
  actionpack (4.2.5) lib/action_dispatch/journey/router.rb:30:in `serve'
  actionpack (4.2.5) lib/action_dispatch/routing/route_set.rb:817:in `call'
  rack (1.6.4) lib/rack/etag.rb:24:in `call'
  rack (1.6.4) lib/rack/conditionalget.rb:25:in `call'
  rack (1.6.4) lib/rack/head.rb:13:in `call'
  actionpack (4.2.5) lib/action_dispatch/middleware/params_parser.rb:27:in `call'
  actionpack (4.2.5) lib/action_dispatch/middleware/flash.rb:260:in `call'
  rack (1.6.4) lib/rack/session/abstract/id.rb:225:in `context'
  rack (1.6.4) lib/rack/session/abstract/id.rb:220:in `call'
  actionpack (4.2.5) lib/action_dispatch/middleware/cookies.rb:560:in `call'
  activerecord (4.2.5) lib/active_record/query_cache.rb:36:in `call'
  activerecord (4.2.5) lib/active_record/connection_adapters/abstract/connection_pool.rb:653:in `call'
  activerecord (4.2.5) lib/active_record/migration.rb:377:in `call'
  actionpack (4.2.5) lib/action_dispatch/middleware/callbacks.rb:29:in `block in call'
  activesupport (4.2.5) lib/active_support/callbacks.rb:88:in `__run_callbacks__'
  activesupport (4.2.5) lib/active_support/callbacks.rb:778:in `_run_call_callbacks'
  activesupport (4.2.5) lib/active_support/callbacks.rb:81:in `run_callbacks'
  actionpack (4.2.5) lib/action_dispatch/middleware/callbacks.rb:27:in `call'
  actionpack (4.2.5) lib/action_dispatch/middleware/reloader.rb:73:in `call'
  actionpack (4.2.5) lib/action_dispatch/middleware/remote_ip.rb:78:in `call'
  actionpack (4.2.5) lib/action_dispatch/middleware/debug_exceptions.rb:17:in `call'
  web-console (2.2.1) lib/web_console/middleware.rb:39:in `call'
  actionpack (4.2.5) lib/action_dispatch/middleware/show_exceptions.rb:30:in `call'
  railties (4.2.5) lib/rails/rack/logger.rb:38:in `call_app'
  railties (4.2.5) lib/rails/rack/logger.rb:20:in `block in call'
  activesupport (4.2.5) lib/active_support/tagged_logging.rb:68:in `block in tagged'
  activesupport (4.2.5) lib/active_support/tagged_logging.rb:26:in `tagged'
  activesupport (4.2.5) lib/active_support/tagged_logging.rb:68:in `tagged'
  railties (4.2.5) lib/rails/rack/logger.rb:20:in `call'
  actionpack (4.2.5) lib/action_dispatch/middleware/request_id.rb:21:in `call'
  rack (1.6.4) lib/rack/methodoverride.rb:22:in `call'
  rack (1.6.4) lib/rack/runtime.rb:18:in `call'
  activesupport (4.2.5) lib/active_support/cache/strategy/local_cache_middleware.rb:28:in `call'
  rack (1.6.4) lib/rack/lock.rb:17:in `call'
  actionpack (4.2.5) lib/action_dispatch/middleware/static.rb:116:in `call'
  rack (1.6.4) lib/rack/sendfile.rb:113:in `call'
  railties (4.2.5) lib/rails/engine.rb:518:in `call'
  railties (4.2.5) lib/rails/application.rb:165:in `call'
  rack (1.6.4) lib/rack/lock.rb:17:in `call'
  rack (1.6.4) lib/rack/content_length.rb:15:in `call'
  rack (1.6.4) lib/rack/handler/webrick.rb:88:in `service'
  /Users/scottcreynolds/.rvm/rubies/ruby-2.1.2/lib/ruby/2.1.0/webrick/httpserver.rb:138:in `service'
  /Users/scottcreynolds/.rvm/rubies/ruby-2.1.2/lib/ruby/2.1.0/webrick/httpserver.rb:94:in `run'
  /Users/scottcreynolds/.rvm/rubies/ruby-2.1.2/lib/ruby/2.1.0/webrick/server.rb:295:in `block in start_thread'


  Rendered /Users/scottcreynolds/.rvm/gems/ruby-2.1.2/gems/actionpack-4.2.5/lib/action_dispatch/middleware/templates/rescues/_source.erb (5.3ms)
  Rendered /Users/scottcreynolds/.rvm/gems/ruby-2.1.2/gems/actionpack-4.2.5/lib/action_dispatch/middleware/templates/rescues/_trace.html.erb (3.4ms)
  Rendered /Users/scottcreynolds/.rvm/gems/ruby-2.1.2/gems/actionpack-4.2.5/lib/action_dispatch/middleware/templates/rescues/_request_and_response.html.erb (11.1ms)
  Rendered /Users/scottcreynolds/.rvm/gems/ruby-2.1.2/gems/actionpack-4.2.5/lib/action_dispatch/middleware/templates/rescues/missing_template.html.erb within rescues/layout (33.9ms)
  Rendered /Users/scottcreynolds/.rvm/gems/ruby-2.1.2/gems/web-console-2.2.1/lib/web_console/templates/_markup.html.erb (4.3ms)
  Rendered /Users/scottcreynolds/.rvm/gems/ruby-2.1.2/gems/web-console-2.2.1/lib/web_console/templates/_inner_console_markup.html.erb within layouts/inlined_string (0.3ms)
  Rendered /Users/scottcreynolds/.rvm/gems/ruby-2.1.2/gems/web-console-2.2.1/lib/web_console/templates/_prompt_box_markup.html.erb within layouts/inlined_string (0.3ms)
  Rendered /Users/scottcreynolds/.rvm/gems/ruby-2.1.2/gems/web-console-2.2.1/lib/web_console/templates/style.css.erb within layouts/inlined_string (0.3ms)
  Rendered /Users/scottcreynolds/.rvm/gems/ruby-2.1.2/gems/web-console-2.2.1/lib/web_console/templates/console.js.erb within layouts/javascript (16.1ms)
  Rendered /Users/scottcreynolds/.rvm/gems/ruby-2.1.2/gems/web-console-2.2.1/lib/web_console/templates/main.js.erb within layouts/javascript (0.3ms)
  Rendered /Users/scottcreynolds/.rvm/gems/ruby-2.1.2/gems/web-console-2.2.1/lib/web_console/templates/error_page.js.erb within layouts/javascript (0.3ms)
  Rendered /Users/scottcreynolds/.rvm/gems/ruby-2.1.2/gems/web-console-2.2.1/lib/web_console/templates/index.html.erb (40.0ms)


Started GET "/artists" for ::1 at 2016-01-30 11:21:20 -0500
Processing by ArtistsController#index as HTML
  Rendered artists/index.html.erb within layouts/application (0.4ms)
Completed 200 OK in 186ms (Views: 186.2ms | ActiveRecord: 0.0ms)


Started GET "/assets/application.self-e80e8f2318043e8af94dddc2adad5a4f09739a8ebb323b3ab31cd71d45fd9113.css?body=1" for ::1 at 2016-01-30 11:21:21 -0500
  [1m[36mActiveRecord::SchemaMigration Load (0.1ms)[0m  [1mSELECT "schema_migrations".* FROM "schema_migrations"[0m
  [1m[36mActiveRecord::SchemaMigration Load (0.1ms)[0m  [1mSELECT "schema_migrations".* FROM "schema_migrations"[0m
  [1m[35mArtist Load (0.2ms)[0m  SELECT  "artists".* FROM "artists" WHERE "artists"."name" = ? LIMIT 1  [["name", "The Killers"]]
  [1m[36m (0.1ms)[0m  [1mbegin transaction[0m
  [1m[35mSQL (0.3ms)[0m  INSERT INTO "artists" ("name", "created_at", "updated_at") VALUES (?, ?, ?)  [["name", "The Killers"], ["created_at", "2016-01-30 16:34:10.826801"], ["updated_at", "2016-01-30 16:34:10.826801"]]
  [1m[36m (0.7ms)[0m  [1mcommit transaction[0m
  [1m[35m (0.1ms)[0m  begin transaction
  [1m[36mSQL (0.3ms)[0m  [1mINSERT INTO "songs" ("artist_id", "title", "created_at", "updated_at") VALUES (?, ?, ?, ?)[0m  [["artist_id", 1], ["title", "Mr. Brightside"], ["created_at", "2016-01-30 16:34:10.834947"], ["updated_at", "2016-01-30 16:34:10.834947"]]
  [1m[35m (0.6ms)[0m  commit transaction
  [1m[36mArtist Load (0.2ms)[0m  [1mSELECT  "artists".* FROM "artists" WHERE "artists"."name" = ? LIMIT 1[0m  [["name", "The Killers"]]
  [1m[35m (0.1ms)[0m  begin transaction
  [1m[36mSQL (0.3ms)[0m  [1mINSERT INTO "songs" ("artist_id", "title", "created_at", "updated_at") VALUES (?, ?, ?, ?)[0m  [["artist_id", 1], ["title", "Jenny Was a Friend of Mine"], ["created_at", "2016-01-30 16:34:10.839423"], ["updated_at", "2016-01-30 16:34:10.839423"]]
  [1m[35m (0.6ms)[0m  commit transaction
  [1m[36mArtist Load (0.1ms)[0m  [1mSELECT  "artists".* FROM "artists" WHERE "artists"."name" = ? LIMIT 1[0m  [["name", "Tommy Tutone"]]
  [1m[35m (0.0ms)[0m  begin transaction
  [1m[36mSQL (0.2ms)[0m  [1mINSERT INTO "artists" ("name", "created_at", "updated_at") VALUES (?, ?, ?)[0m  [["name", "Tommy Tutone"], ["created_at", "2016-01-30 16:34:10.842597"], ["updated_at", "2016-01-30 16:34:10.842597"]]
  [1m[35m (0.6ms)[0m  commit transaction
  [1m[36m (0.1ms)[0m  [1mbegin transaction[0m
  [1m[35mSQL (0.3ms)[0m  INSERT INTO "songs" ("artist_id", "title", "created_at", "updated_at") VALUES (?, ?, ?, ?)  [["artist_id", 2], ["title", "Jenny"], ["created_at", "2016-01-30 16:34:10.844807"], ["updated_at", "2016-01-30 16:34:10.844807"]]
  [1m[36m (0.7ms)[0m  [1mcommit transaction[0m
  [1m[35mArtist Load (0.1ms)[0m  SELECT  "artists".* FROM "artists" WHERE "artists"."name" = ? LIMIT 1  [["name", "Daft Punk"]]
  [1m[36m (0.0ms)[0m  [1mbegin transaction[0m
  [1m[35mSQL (0.2ms)[0m  INSERT INTO "artists" ("name", "created_at", "updated_at") VALUES (?, ?, ?)  [["name", "Daft Punk"], ["created_at", "2016-01-30 16:34:10.847866"], ["updated_at", "2016-01-30 16:34:10.847866"]]
  [1m[36m (0.7ms)[0m  [1mcommit transaction[0m
  [1m[35m (0.1ms)[0m  begin transaction
  [1m[36mSQL (0.2ms)[0m  [1mINSERT INTO "songs" ("artist_id", "title", "created_at", "updated_at") VALUES (?, ?, ?, ?)[0m  [["artist_id", 3], ["title", "Around the World"], ["created_at", "2016-01-30 16:34:10.850302"], ["updated_at", "2016-01-30 16:34:10.850302"]]
  [1m[35m (0.7ms)[0m  commit transaction
  [1m[36mArtist Load (0.1ms)[0m  [1mSELECT  "artists".* FROM "artists" WHERE "artists"."name" = ? LIMIT 1[0m  [["name", "Daft Punk"]]
  [1m[35m (0.1ms)[0m  begin transaction
  [1m[36mSQL (0.2ms)[0m  [1mINSERT INTO "songs" ("artist_id", "title", "created_at", "updated_at") VALUES (?, ?, ?, ?)[0m  [["artist_id", 3], ["title", "Harder, Better, Faster, Stronger"], ["created_at", "2016-01-30 16:34:10.853206"], ["updated_at", "2016-01-30 16:34:10.853206"]]
  [1m[35m (0.8ms)[0m  commit transaction
  [1m[36mArtist Load (0.1ms)[0m  [1mSELECT  "artists".* FROM "artists" WHERE "artists"."name" = ? LIMIT 1[0m  [["name", "Pixies"]]
  [1m[35m (0.0ms)[0m  begin transaction
  [1m[36mSQL (0.2ms)[0m  [1mINSERT INTO "artists" ("name", "created_at", "updated_at") VALUES (?, ?, ?)[0m  [["name", "Pixies"], ["created_at", "2016-01-30 16:34:10.856671"], ["updated_at", "2016-01-30 16:34:10.856671"]]
  [1m[35m (0.7ms)[0m  commit transaction
  [1m[36m (0.0ms)[0m  [1mbegin transaction[0m
  [1m[35mSQL (0.2ms)[0m  INSERT INTO "songs" ("artist_id", "title", "created_at", "updated_at") VALUES (?, ?, ?, ?)  [["artist_id", 4], ["title", "Where is My Mind?"], ["created_at", "2016-01-30 16:34:10.859018"], ["updated_at", "2016-01-30 16:34:10.859018"]]
  [1m[36m (0.6ms)[0m  [1mcommit transaction[0m
  [1m[35mArtist Load (0.1ms)[0m  SELECT  "artists".* FROM "artists" WHERE "artists"."name" = ? LIMIT 1  [["name", "Pixies"]]
  [1m[36m (0.0ms)[0m  [1mbegin transaction[0m
  [1m[35mSQL (0.2ms)[0m  INSERT INTO "songs" ("artist_id", "title", "created_at", "updated_at") VALUES (?, ?, ?, ?)  [["artist_id", 4], ["title", "Gigantic"], ["created_at", "2016-01-30 16:34:10.861713"], ["updated_at", "2016-01-30 16:34:10.861713"]]
  [1m[36m (0.6ms)[0m  [1mcommit transaction[0m
  [1m[35mArtist Load (0.1ms)[0m  SELECT  "artists".* FROM "artists" WHERE "artists"."name" = ? LIMIT 1  [["name", "Pixies"]]
  [1m[36m (0.0ms)[0m  [1mbegin transaction[0m
  [1m[35mSQL (0.2ms)[0m  INSERT INTO "songs" ("artist_id", "title", "created_at", "updated_at") VALUES (?, ?, ?, ?)  [["artist_id", 4], ["title", "Monkey Gone to Heaven"], ["created_at", "2016-01-30 16:34:10.864487"], ["updated_at", "2016-01-30 16:34:10.864487"]]
  [1m[36m (0.7ms)[0m  [1mcommit transaction[0m


Started GET "/artists" for ::1 at 2016-01-30 11:34:20 -0500
Processing by ArtistsController#index as HTML
  [1m[35mArtist Load (0.3ms)[0m  SELECT "artists".* FROM "artists"
  Rendered artists/index.html.erb within layouts/application (5.0ms)
Completed 200 OK in 17ms (Views: 12.1ms | ActiveRecord: 0.6ms)


Started GET "/assets/application.self-e80e8f2318043e8af94dddc2adad5a4f09739a8ebb323b3ab31cd71d45fd9113.css?body=1" for ::1 at 2016-01-30 11:34:20 -0500


Started GET "/artists/2" for ::1 at 2016-01-30 11:36:14 -0500
Processing by ArtistsController#show as HTML
  Parameters: {"id"=>"2"}
  Rendered artists/show.html.erb within layouts/application (0.3ms)
Completed 200 OK in 5ms (Views: 5.1ms | ActiveRecord: 0.0ms)


Started GET "/artists/2" for ::1 at 2016-01-30 11:36:22 -0500
Processing by ArtistsController#show as HTML
  Parameters: {"id"=>"2"}
  Rendered artists/show.html.erb within layouts/application (0.0ms)
Completed 200 OK in 3ms (Views: 3.0ms | ActiveRecord: 0.0ms)


Started GET "/" for ::1 at 2016-01-30 12:17:11 -0500
Processing by Rails::WelcomeController#index as HTML
  Rendered /Users/scottcreynolds/.rvm/gems/ruby-2.1.2/gems/railties-4.2.5/lib/rails/templates/rails/welcome/index.html.erb (0.1ms)
Completed 200 OK in 2ms (Views: 2.2ms | ActiveRecord: 0.0ms)


Started GET "/songs/1" for ::1 at 2016-01-30 12:17:16 -0500
Processing by SongsController#show as HTML
  Parameters: {"id"=>"1"}
  [1m[36mSong Load (0.2ms)[0m  [1mSELECT  "songs".* FROM "songs" WHERE "songs"."id" = ? LIMIT 1[0m  [["id", 1]]
  [1m[35mArtist Load (0.2ms)[0m  SELECT  "artists".* FROM "artists" WHERE "artists"."id" = ? LIMIT 1  [["id", 1]]
  Rendered songs/show.html.erb within layouts/application (14.2ms)
Completed 200 OK in 46ms (Views: 21.2ms | ActiveRecord: 0.6ms)
  [1m[35m (10.8ms)[0m  [1m[35mCREATE TABLE "ar_internal_metadata" ("key" varchar NOT NULL PRIMARY KEY, "value" varchar, "created_at" datetime NOT NULL, "updated_at" datetime NOT NULL)[0m
  [1m[36mActiveRecord::SchemaMigration Load (0.1ms)[0m  [1m[34mSELECT "schema_migrations".* FROM "schema_migrations"[0m
  [1m[36mActiveRecord::InternalMetadata Load (0.1ms)[0m  [1m[34mSELECT  "ar_internal_metadata".* FROM "ar_internal_metadata" WHERE "ar_internal_metadata"."key" = ? LIMIT ?[0m  [["key", "environment"], ["LIMIT", 1]]
  [1m[35m (0.0ms)[0m  [1m[36mbegin transaction[0m
  [1m[35mSQL (1.0ms)[0m  [1m[32mINSERT INTO "ar_internal_metadata" ("key", "value", "created_at", "updated_at") VALUES (?, ?, ?, ?)[0m  [["key", "environment"], ["value", "development"], ["created_at", "2022-08-08 13:57:28.133778"], ["updated_at", "2022-08-08 13:57:28.133778"]]
  [1m[35m (8.1ms)[0m  [1m[36mcommit transaction[0m
  [1m[36mActiveRecord::SchemaMigration Load (0.0ms)[0m  [1m[34mSELECT "schema_migrations".* FROM "schema_migrations"[0m
  [1m[35m (0.0ms)[0m  [1m[34m            SELECT sql
            FROM sqlite_master
            WHERE name='index_songs_on_artist_id' AND type='index'
            UNION ALL
            SELECT sql
            FROM sqlite_temp_master
            WHERE name='index_songs_on_artist_id' AND type='index'
[0m
  [1m[36mActiveRecord::SchemaMigration Load (0.1ms)[0m  [1m[34mSELECT "schema_migrations".* FROM "schema_migrations"[0m
  [1m[36mArtist Load (0.1ms)[0m  [1m[34mSELECT  "artists".* FROM "artists" WHERE "artists"."name" = ? LIMIT ?[0m  [["name", "The Killers"], ["LIMIT", 1]]
  [1m[35m (0.0ms)[0m  [1m[36mbegin transaction[0m
  [1m[35mSQL (0.2ms)[0m  [1m[32mINSERT INTO "songs" ("title", "created_at", "updated_at", "artist_id") VALUES (?, ?, ?, ?)[0m  [["title", "Mr. Brightside"], ["created_at", "2022-08-08 13:57:41.211774"], ["updated_at", "2022-08-08 13:57:41.211774"], ["artist_id", 1]]
  [1m[35m (11.9ms)[0m  [1m[36mcommit transaction[0m
  [1m[36mArtist Load (0.1ms)[0m  [1m[34mSELECT  "artists".* FROM "artists" WHERE "artists"."name" = ? LIMIT ?[0m  [["name", "The Killers"], ["LIMIT", 1]]
  [1m[35m (0.1ms)[0m  [1m[36mbegin transaction[0m
  [1m[35mSQL (0.3ms)[0m  [1m[32mINSERT INTO "songs" ("title", "created_at", "updated_at", "artist_id") VALUES (?, ?, ?, ?)[0m  [["title", "Jenny Was a Friend of Mine"], ["created_at", "2022-08-08 13:57:41.225951"], ["updated_at", "2022-08-08 13:57:41.225951"], ["artist_id", 1]]
  [1m[35m (7.2ms)[0m  [1m[36mcommit transaction[0m
  [1m[36mArtist Load (0.1ms)[0m  [1m[34mSELECT  "artists".* FROM "artists" WHERE "artists"."name" = ? LIMIT ?[0m  [["name", "Tommy Tutone"], ["LIMIT", 1]]
  [1m[35m (0.0ms)[0m  [1m[36mbegin transaction[0m
  [1m[35mSQL (0.1ms)[0m  [1m[32mINSERT INTO "songs" ("title", "created_at", "updated_at", "artist_id") VALUES (?, ?, ?, ?)[0m  [["title", "Jenny"], ["created_at", "2022-08-08 13:57:41.235178"], ["updated_at", "2022-08-08 13:57:41.235178"], ["artist_id", 2]]
  [1m[35m (6.8ms)[0m  [1m[36mcommit transaction[0m
  [1m[36mArtist Load (0.1ms)[0m  [1m[34mSELECT  "artists".* FROM "artists" WHERE "artists"."name" = ? LIMIT ?[0m  [["name", "Daft Punk"], ["LIMIT", 1]]
  [1m[35m (0.0ms)[0m  [1m[36mbegin transaction[0m
  [1m[35mSQL (0.2ms)[0m  [1m[32mINSERT INTO "songs" ("title", "created_at", "updated_at", "artist_id") VALUES (?, ?, ?, ?)[0m  [["title", "Around the World"], ["created_at", "2022-08-08 13:57:41.243803"], ["updated_at", "2022-08-08 13:57:41.243803"], ["artist_id", 3]]
  [1m[35m (6.1ms)[0m  [1m[36mcommit transaction[0m
  [1m[36mArtist Load (0.1ms)[0m  [1m[34mSELECT  "artists".* FROM "artists" WHERE "artists"."name" = ? LIMIT ?[0m  [["name", "Daft Punk"], ["LIMIT", 1]]
  [1m[35m (0.0ms)[0m  [1m[36mbegin transaction[0m
  [1m[35mSQL (0.1ms)[0m  [1m[32mINSERT INTO "songs" ("title", "created_at", "updated_at", "artist_id") VALUES (?, ?, ?, ?)[0m  [["title", "Harder, Better, Faster, Stronger"], ["created_at", "2022-08-08 13:57:41.251415"], ["updated_at", "2022-08-08 13:57:41.251415"], ["artist_id", 3]]
  [1m[35m (6.1ms)[0m  [1m[36mcommit transaction[0m
  [1m[36mArtist Load (0.0ms)[0m  [1m[34mSELECT  "artists".* FROM "artists" WHERE "artists"."name" = ? LIMIT ?[0m  [["name", "Pixies"], ["LIMIT", 1]]
  [1m[35m (0.0ms)[0m  [1m[36mbegin transaction[0m
  [1m[35mSQL (0.2ms)[0m  [1m[32mINSERT INTO "songs" ("title", "created_at", "updated_at", "artist_id") VALUES (?, ?, ?, ?)[0m  [["title", "Where is My Mind?"], ["created_at", "2022-08-08 13:57:41.258858"], ["updated_at", "2022-08-08 13:57:41.258858"], ["artist_id", 4]]
  [1m[35m (6.1ms)[0m  [1m[36mcommit transaction[0m
  [1m[36mArtist Load (0.1ms)[0m  [1m[34mSELECT  "artists".* FROM "artists" WHERE "artists"."name" = ? LIMIT ?[0m  [["name", "Pixies"], ["LIMIT", 1]]
  [1m[35m (0.0ms)[0m  [1m[36mbegin transaction[0m
  [1m[35mSQL (0.1ms)[0m  [1m[32mINSERT INTO "songs" ("title", "created_at", "updated_at", "artist_id") VALUES (?, ?, ?, ?)[0m  [["title", "Gigantic"], ["created_at", "2022-08-08 13:57:41.266683"], ["updated_at", "2022-08-08 13:57:41.266683"], ["artist_id", 4]]
  [1m[35m (6.4ms)[0m  [1m[36mcommit transaction[0m
  [1m[36mArtist Load (0.0ms)[0m  [1m[34mSELECT  "artists".* FROM "artists" WHERE "artists"."name" = ? LIMIT ?[0m  [["name", "Pixies"], ["LIMIT", 1]]
  [1m[35m (0.0ms)[0m  [1m[36mbegin transaction[0m
  [1m[35mSQL (0.1ms)[0m  [1m[32mINSERT INTO "songs" ("title", "created_at", "updated_at", "artist_id") VALUES (?, ?, ?, ?)[0m  [["title", "Monkey Gone to Heaven"], ["created_at", "2022-08-08 13:57:41.274346"], ["updated_at", "2022-08-08 13:57:41.274346"], ["artist_id", 4]]
  [1m[35m (7.7ms)[0m  [1m[36mcommit transaction[0m
Started GET "/songs" for 127.0.0.1 at 2022-08-08 06:58:18 -0700
  [1m[36mActiveRecord::SchemaMigration Load (0.1ms)[0m  [1m[34mSELECT "schema_migrations".* FROM "schema_migrations"[0m
Processing by SongsController#index as HTML
  Rendering songs/index.html.erb within layouts/application
  [1m[36mSong Load (0.2ms)[0m  [1m[34mSELECT "songs".* FROM "songs"[0m
  [1m[36mArtist Load (0.1ms)[0m  [1m[34mSELECT  "artists".* FROM "artists" WHERE "artists"."id" = ? LIMIT ?[0m  [["id", 1], ["LIMIT", 1]]
  [1m[36mArtist Load (0.1ms)[0m  [1m[34mSELECT  "artists".* FROM "artists" WHERE "artists"."id" = ? LIMIT ?[0m  [["id", 1], ["LIMIT", 1]]
  [1m[36mArtist Load (0.0ms)[0m  [1m[34mSELECT  "artists".* FROM "artists" WHERE "artists"."id" = ? LIMIT ?[0m  [["id", 2], ["LIMIT", 1]]
  [1m[36mArtist Load (0.0ms)[0m  [1m[34mSELECT  "artists".* FROM "artists" WHERE "artists"."id" = ? LIMIT ?[0m  [["id", 3], ["LIMIT", 1]]
  [1m[36mArtist Load (0.0ms)[0m  [1m[34mSELECT  "artists".* FROM "artists" WHERE "artists"."id" = ? LIMIT ?[0m  [["id", 3], ["LIMIT", 1]]
  [1m[36mArtist Load (0.1ms)[0m  [1m[34mSELECT  "artists".* FROM "artists" WHERE "artists"."id" = ? LIMIT ?[0m  [["id", 4], ["LIMIT", 1]]
  [1m[36mArtist Load (0.2ms)[0m  [1m[34mSELECT  "artists".* FROM "artists" WHERE "artists"."id" = ? LIMIT ?[0m  [["id", 4], ["LIMIT", 1]]
  [1m[36mArtist Load (0.1ms)[0m  [1m[34mSELECT  "artists".* FROM "artists" WHERE "artists"."id" = ? LIMIT ?[0m  [["id", 4], ["LIMIT", 1]]
  [1m[36mArtist Load (0.1ms)[0m  [1m[34mSELECT  "artists".* FROM "artists" WHERE "artists"."id" = ? LIMIT ?[0m  [["id", 1], ["LIMIT", 1]]
  [1m[36mArtist Load (0.1ms)[0m  [1m[34mSELECT  "artists".* FROM "artists" WHERE "artists"."id" = ? LIMIT ?[0m  [["id", 1], ["LIMIT", 1]]
  [1m[36mArtist Load (0.1ms)[0m  [1m[34mSELECT  "artists".* FROM "artists" WHERE "artists"."id" = ? LIMIT ?[0m  [["id", 2], ["LIMIT", 1]]
  [1m[36mArtist Load (0.0ms)[0m  [1m[34mSELECT  "artists".* FROM "artists" WHERE "artists"."id" = ? LIMIT ?[0m  [["id", 3], ["LIMIT", 1]]
  [1m[36mArtist Load (0.0ms)[0m  [1m[34mSELECT  "artists".* FROM "artists" WHERE "artists"."id" = ? LIMIT ?[0m  [["id", 3], ["LIMIT", 1]]
  [1m[36mArtist Load (0.0ms)[0m  [1m[34mSELECT  "artists".* FROM "artists" WHERE "artists"."id" = ? LIMIT ?[0m  [["id", 4], ["LIMIT", 1]]
  [1m[36mArtist Load (0.1ms)[0m  [1m[34mSELECT  "artists".* FROM "artists" WHERE "artists"."id" = ? LIMIT ?[0m  [["id", 4], ["LIMIT", 1]]
  [1m[36mArtist Load (0.1ms)[0m  [1m[34mSELECT  "artists".* FROM "artists" WHERE "artists"."id" = ? LIMIT ?[0m  [["id", 4], ["LIMIT", 1]]
  Rendered songs/index.html.erb within layouts/application (33.5ms)
Completed 200 OK in 272ms (Views: 263.8ms | ActiveRecord: 1.9ms)


Started GET "/artists/1" for 127.0.0.1 at 2022-08-08 06:58:20 -0700
Processing by ArtistsController#show as HTML
  Parameters: {"id"=>"1"}
  [1m[36mArtist Load (0.1ms)[0m  [1m[34mSELECT  "artists".* FROM "artists" WHERE "artists"."id" = ? LIMIT ?[0m  [["id", 1], ["LIMIT", 1]]
  Rendering artists/show.html.erb within layouts/application
  [1m[36mSong Load (0.2ms)[0m  [1m[34mSELECT "songs".* FROM "songs" WHERE "songs"."artist_id" = ?[0m  [["artist_id", 1]]
  Rendered artists/show.html.erb within layouts/application (8.7ms)
Completed 200 OK in 16ms (Views: 12.9ms | ActiveRecord: 0.3ms)


Started GET "/artists/1/songs" for 127.0.0.1 at 2022-08-08 06:58:30 -0700
Processing by SongsController#index as HTML
  Parameters: {"artist_id"=>"1"}
  [1m[36mArtist Load (0.1ms)[0m  [1m[34mSELECT  "artists".* FROM "artists" WHERE "artists"."id" = ? LIMIT ?[0m  [["id", 1], ["LIMIT", 1]]
  Rendering songs/index.html.erb within layouts/application
  [1m[36mSong Load (0.2ms)[0m  [1m[34mSELECT "songs".* FROM "songs" WHERE "songs"."artist_id" = ?[0m  [["artist_id", 1]]
  Rendered songs/index.html.erb within layouts/application (3.0ms)
Completed 200 OK in 9ms (Views: 7.4ms | ActiveRecord: 0.2ms)


Started GET "/songs/1" for 127.0.0.1 at 2022-08-08 06:58:50 -0700
Processing by SongsController#show as HTML
  Parameters: {"id"=>"1"}
  [1m[36mSong Load (0.1ms)[0m  [1m[34mSELECT  "songs".* FROM "songs" WHERE "songs"."id" = ? LIMIT ?[0m  [["id", 1], ["LIMIT", 1]]
  Rendering songs/show.html.erb within layouts/application
  [1m[36mArtist Load (0.1ms)[0m  [1m[34mSELECT  "artists".* FROM "artists" WHERE "artists"."id" = ? LIMIT ?[0m  [["id", 1], ["LIMIT", 1]]
  Rendered songs/show.html.erb within layouts/application (2.7ms)
Completed 200 OK in 7ms (Views: 5.3ms | ActiveRecord: 0.2ms)


Started GET "/artists/1" for 127.0.0.1 at 2022-08-08 06:58:52 -0700
Processing by ArtistsController#show as HTML
  Parameters: {"id"=>"1"}
  [1m[36mArtist Load (0.1ms)[0m  [1m[34mSELECT  "artists".* FROM "artists" WHERE "artists"."id" = ? LIMIT ?[0m  [["id", 1], ["LIMIT", 1]]
  Rendering artists/show.html.erb within layouts/application
  [1m[36mSong Load (0.1ms)[0m  [1m[34mSELECT "songs".* FROM "songs" WHERE "songs"."artist_id" = ?[0m  [["artist_id", 1]]
  Rendered artists/show.html.erb within layouts/application (1.9ms)
Completed 200 OK in 6ms (Views: 4.9ms | ActiveRecord: 0.2ms)


Started GET "/artists/1/songas" for 127.0.0.1 at 2022-08-08 06:59:49 -0700
  [1m[36mActiveRecord::SchemaMigration Load (0.1ms)[0m  [1m[34mSELECT "schema_migrations".* FROM "schema_migrations"[0m
  
ActionController::RoutingError (No route matches [GET] "/artists/1/songas"):
  
actionpack (5.0.7.1) lib/action_dispatch/middleware/debug_exceptions.rb:53:in `call'
web-console (2.3.0) lib/web_console/middleware.rb:28:in `block in call'
web-console (2.3.0) lib/web_console/middleware.rb:18:in `catch'
web-console (2.3.0) lib/web_console/middleware.rb:18:in `call'
actionpack (5.0.7.1) lib/action_dispatch/middleware/show_exceptions.rb:31:in `call'
railties (5.0.7.1) lib/rails/rack/logger.rb:36:in `call_app'
railties (5.0.7.1) lib/rails/rack/logger.rb:24:in `block in call'
activesupport (5.0.7.1) lib/active_support/tagged_logging.rb:69:in `block in tagged'
activesupport (5.0.7.1) lib/active_support/tagged_logging.rb:26:in `tagged'
activesupport (5.0.7.1) lib/active_support/tagged_logging.rb:69:in `tagged'
railties (5.0.7.1) lib/rails/rack/logger.rb:24:in `call'
sprockets-rails (3.2.1) lib/sprockets/rails/quiet_assets.rb:13:in `call'
actionpack (5.0.7.1) lib/action_dispatch/middleware/request_id.rb:24:in `call'
rack (2.2.3) lib/rack/method_override.rb:24:in `call'
rack (2.2.3) lib/rack/runtime.rb:22:in `call'
activesupport (5.0.7.1) lib/active_support/cache/strategy/local_cache_middleware.rb:28:in `call'
actionpack (5.0.7.1) lib/action_dispatch/middleware/executor.rb:12:in `call'
actionpack (5.0.7.1) lib/action_dispatch/middleware/static.rb:136:in `call'
rack (2.2.3) lib/rack/sendfile.rb:110:in `call'
railties (5.0.7.1) lib/rails/engine.rb:522:in `call'
rack (2.2.3) lib/rack/handler/webrick.rb:95:in `service'
/usr/share/rvm/rubies/ruby-2.6.1/lib/ruby/2.6.0/webrick/httpserver.rb:140:in `service'
/usr/share/rvm/rubies/ruby-2.6.1/lib/ruby/2.6.0/webrick/httpserver.rb:96:in `run'
/usr/share/rvm/rubies/ruby-2.6.1/lib/ruby/2.6.0/webrick/server.rb:307:in `block in start_thread'
  Rendering /usr/share/rvm/gems/ruby-2.6.1/gems/actionpack-5.0.7.1/lib/action_dispatch/middleware/templates/rescues/routing_error.html.erb within rescues/layout
  Rendering /usr/share/rvm/gems/ruby-2.6.1/gems/actionpack-5.0.7.1/lib/action_dispatch/middleware/templates/rescues/_trace.html.erb
  Rendered /usr/share/rvm/gems/ruby-2.6.1/gems/actionpack-5.0.7.1/lib/action_dispatch/middleware/templates/rescues/_trace.html.erb (1.0ms)
  Rendered collection of /usr/share/rvm/gems/ruby-2.6.1/gems/actionpack-5.0.7.1/lib/action_dispatch/middleware/templates/routes/_route.html.erb [18 times] (2.9ms)
  Rendered /usr/share/rvm/gems/ruby-2.6.1/gems/actionpack-5.0.7.1/lib/action_dispatch/middleware/templates/routes/_table.html.erb (3.7ms)
  Rendering /usr/share/rvm/gems/ruby-2.6.1/gems/actionpack-5.0.7.1/lib/action_dispatch/middleware/templates/rescues/_request_and_response.html.erb
  Rendered /usr/share/rvm/gems/ruby-2.6.1/gems/actionpack-5.0.7.1/lib/action_dispatch/middleware/templates/rescues/_request_and_response.html.erb (6.9ms)
  Rendered /usr/share/rvm/gems/ruby-2.6.1/gems/actionpack-5.0.7.1/lib/action_dispatch/middleware/templates/rescues/routing_error.html.erb within rescues/layout (26.8ms)
DEPRECATION WARNING: Accessing mime types via constants is deprecated. Please change `Mime::HTML` to `Mime[:html]`. (called from acceptable_content_type? at /usr/share/rvm/gems/ruby-2.6.1/gems/web-console-2.3.0/lib/web_console/middleware.rb:58)
  Rendering /usr/share/rvm/gems/ruby-2.6.1/gems/web-console-2.3.0/lib/web_console/templates/index.html.erb
  Rendered /usr/share/rvm/gems/ruby-2.6.1/gems/web-console-2.3.0/lib/web_console/templates/_markup.html.erb (0.2ms)
  Rendering /usr/share/rvm/gems/ruby-2.6.1/gems/web-console-2.3.0/lib/web_console/templates/console.js.erb within layouts/javascript
  Rendering /usr/share/rvm/gems/ruby-2.6.1/gems/web-console-2.3.0/lib/web_console/templates/_inner_console_markup.html.erb within layouts/inlined_string
  Rendered /usr/share/rvm/gems/ruby-2.6.1/gems/web-console-2.3.0/lib/web_console/templates/_inner_console_markup.html.erb within layouts/inlined_string (0.4ms)
  Rendering /usr/share/rvm/gems/ruby-2.6.1/gems/web-console-2.3.0/lib/web_console/templates/_prompt_box_markup.html.erb within layouts/inlined_string
  Rendered /usr/share/rvm/gems/ruby-2.6.1/gems/web-console-2.3.0/lib/web_console/templates/_prompt_box_markup.html.erb within layouts/inlined_string (0.5ms)
  Rendering /usr/share/rvm/gems/ruby-2.6.1/gems/web-console-2.3.0/lib/web_console/templates/style.css.erb within layouts/inlined_string
  Rendered /usr/share/rvm/gems/ruby-2.6.1/gems/web-console-2.3.0/lib/web_console/templates/style.css.erb within layouts/inlined_string (0.3ms)
DEPRECATION WARNING: Accessing mime types via constants is deprecated. Please change `Mime::WEB_CONSOLE_V2` to `Mime[:web_console_v2]`. (called from __usr_share_rvm_gems_ruby_______gems_web_console_______lib_web_console_templates_console_js_erb__2427546413525867068_47165500942220 at /usr/share/rvm/gems/ruby-2.6.1/gems/web-console-2.3.0/lib/web_console/templates/console.js.erb:491)
  Rendered /usr/share/rvm/gems/ruby-2.6.1/gems/web-console-2.3.0/lib/web_console/templates/console.js.erb within layouts/javascript (14.5ms)
  Rendering /usr/share/rvm/gems/ruby-2.6.1/gems/web-console-2.3.0/lib/web_console/templates/main.js.erb within layouts/javascript
  Rendered /usr/share/rvm/gems/ruby-2.6.1/gems/web-console-2.3.0/lib/web_console/templates/main.js.erb within layouts/javascript (0.3ms)
  Rendering /usr/share/rvm/gems/ruby-2.6.1/gems/web-console-2.3.0/lib/web_console/templates/error_page.js.erb within layouts/javascript
  Rendered /usr/share/rvm/gems/ruby-2.6.1/gems/web-console-2.3.0/lib/web_console/templates/error_page.js.erb within layouts/javascript (0.5ms)
  Rendered /usr/share/rvm/gems/ruby-2.6.1/gems/web-console-2.3.0/lib/web_console/templates/index.html.erb (28.5ms)
Started GET "/artists/1/songs" for 127.0.0.1 at 2022-08-08 06:59:52 -0700
Processing by SongsController#index as HTML
  Parameters: {"artist_id"=>"1"}
  [1m[36mArtist Load (0.1ms)[0m  [1m[34mSELECT  "artists".* FROM "artists" WHERE "artists"."id" = ? LIMIT ?[0m  [["id", 1], ["LIMIT", 1]]
  Rendering songs/index.html.erb within layouts/application
  [1m[36mSong Load (0.1ms)[0m  [1m[34mSELECT "songs".* FROM "songs" WHERE "songs"."artist_id" = ?[0m  [["artist_id", 1]]
  Rendered songs/index.html.erb within layouts/application (12.2ms)
Completed 200 OK in 178ms (Views: 151.6ms | ActiveRecord: 1.8ms)


Started GET "/artists/1/songs/1" for 127.0.0.1 at 2022-08-08 06:59:55 -0700
Processing by SongsController#show as HTML
  Parameters: {"artist_id"=>"1", "id"=>"1"}
  [1m[36mSong Load (0.2ms)[0m  [1m[34mSELECT  "songs".* FROM "songs" WHERE "songs"."id" = ? LIMIT ?[0m  [["id", 1], ["LIMIT", 1]]
  Rendering songs/show.html.erb within layouts/application
  [1m[36mArtist Load (0.1ms)[0m  [1m[34mSELECT  "artists".* FROM "artists" WHERE "artists"."id" = ? LIMIT ?[0m  [["id", 1], ["LIMIT", 1]]
  Rendered songs/show.html.erb within layouts/application (1.8ms)
Completed 200 OK in 7ms (Views: 4.8ms | ActiveRecord: 0.3ms)


Started GET "/artists" for 127.0.0.1 at 2022-08-08 07:01:54 -0700
  [1m[36mActiveRecord::SchemaMigration Load (0.1ms)[0m  [1m[34mSELECT "schema_migrations".* FROM "schema_migrations"[0m
Processing by ArtistsController#index as HTML
  Rendering artists/index.html.erb within layouts/application
  [1m[36mArtist Load (0.1ms)[0m  [1m[34mSELECT "artists".* FROM "artists"[0m
  Rendered artists/index.html.erb within layouts/application (4.9ms)
Completed 200 OK in 146ms (Views: 142.6ms | ActiveRecord: 0.4ms)


Started GET "/artists/1/songs" for 127.0.0.1 at 2022-08-08 07:01:56 -0700
Processing by SongsController#index as HTML
  Parameters: {"artist_id"=>"1"}
  [1m[36mArtist Load (0.1ms)[0m  [1m[34mSELECT  "artists".* FROM "artists" WHERE "artists"."id" = ? LIMIT ?[0m  [["id", 1], ["LIMIT", 1]]
  Rendering songs/index.html.erb within layouts/application
  [1m[36mSong Load (0.6ms)[0m  [1m[34mSELECT "songs".* FROM "songs" WHERE "songs"."artist_id" = ?[0m  [["artist_id", 1]]
  Rendered songs/index.html.erb within layouts/application (11.6ms)
Completed 200 OK in 24ms (Views: 13.9ms | ActiveRecord: 1.1ms)


Started GET "/songs/1" for 127.0.0.1 at 2022-08-08 07:03:09 -0700
  [1m[36mActiveRecord::SchemaMigration Load (0.1ms)[0m  [1m[34mSELECT "schema_migrations".* FROM "schema_migrations"[0m
Processing by SongsController#show as HTML
  Parameters: {"id"=>"1"}
  [1m[36mSong Load (0.2ms)[0m  [1m[34mSELECT  "songs".* FROM "songs" WHERE "songs"."id" = ? LIMIT ?[0m  [["id", 1], ["LIMIT", 1]]
  Rendering songs/show.html.erb within layouts/application
  [1m[36mArtist Load (0.1ms)[0m  [1m[34mSELECT  "artists".* FROM "artists" WHERE "artists"."id" = ? LIMIT ?[0m  [["id", 1], ["LIMIT", 1]]
  Rendered songs/show.html.erb within layouts/application (13.7ms)
Completed 200 OK in 170ms (Views: 159.6ms | ActiveRecord: 1.1ms)


Started GET "/artists/1" for 127.0.0.1 at 2022-08-08 07:03:18 -0700
Processing by ArtistsController#show as HTML
  Parameters: {"id"=>"1"}
  [1m[36mArtist Load (0.2ms)[0m  [1m[34mSELECT  "artists".* FROM "artists" WHERE "artists"."id" = ? LIMIT ?[0m  [["id", 1], ["LIMIT", 1]]
  Rendering artists/show.html.erb within layouts/application
  [1m[36mSong Load (0.2ms)[0m  [1m[34mSELECT "songs".* FROM "songs" WHERE "songs"."artist_id" = ?[0m  [["artist_id", 1]]
  Rendered artists/show.html.erb within layouts/application (27.3ms)
Completed 500 Internal Server Error in 32ms (ActiveRecord: 0.4ms)


  
ActionView::Template::Error (undefined method `artists_song_path' for #<#<Class:0x00007f5e2d97aaa8>:0x00007f5e2d9799a0>
Did you mean?  artist_song_path
               artist_songs_path
               artists_path
               artist_song_url):
    1: <h1><%= @artist.name %></h1>
    2: <ul>
    3:   <% @artist.songs.each do |song| %>
    4:     <li><%= link_to song.title, artists_song_path(song.artist, song) %></li>
    5:   <% end %>
    6: </ul>
  
app/views/artists/show.html.erb:4:in `block in _app_views_artists_show_html_erb___2979009284905796524_70021234284800'
app/views/artists/show.html.erb:3:in `_app_views_artists_show_html_erb___2979009284905796524_70021234284800'
  Rendering /usr/share/rvm/gems/ruby-2.6.1/gems/actionpack-5.0.7.1/lib/action_dispatch/middleware/templates/rescues/template_error.html.erb within rescues/layout
  Rendering /usr/share/rvm/gems/ruby-2.6.1/gems/actionpack-5.0.7.1/lib/action_dispatch/middleware/templates/rescues/_source.html.erb
  Rendered /usr/share/rvm/gems/ruby-2.6.1/gems/actionpack-5.0.7.1/lib/action_dispatch/middleware/templates/rescues/_source.html.erb (3.1ms)
  Rendering /usr/share/rvm/gems/ruby-2.6.1/gems/actionpack-5.0.7.1/lib/action_dispatch/middleware/templates/rescues/_trace.html.erb
  Rendered /usr/share/rvm/gems/ruby-2.6.1/gems/actionpack-5.0.7.1/lib/action_dispatch/middleware/templates/rescues/_trace.html.erb (1.2ms)
  Rendering /usr/share/rvm/gems/ruby-2.6.1/gems/actionpack-5.0.7.1/lib/action_dispatch/middleware/templates/rescues/_request_and_response.html.erb
  Rendered /usr/share/rvm/gems/ruby-2.6.1/gems/actionpack-5.0.7.1/lib/action_dispatch/middleware/templates/rescues/_request_and_response.html.erb (0.8ms)
  Rendered /usr/share/rvm/gems/ruby-2.6.1/gems/actionpack-5.0.7.1/lib/action_dispatch/middleware/templates/rescues/template_error.html.erb within rescues/layout (13.4ms)
DEPRECATION WARNING: #original_exception is deprecated. Use #cause instead. (called from block in render_exception_with_web_console at /usr/share/rvm/gems/ruby-2.6.1/gems/web-console-2.3.0/lib/web_console/extensions.rb:16)
DEPRECATION WARNING: Accessing mime types via constants is deprecated. Please change `Mime::HTML` to `Mime[:html]`. (called from acceptable_content_type? at /usr/share/rvm/gems/ruby-2.6.1/gems/web-console-2.3.0/lib/web_console/middleware.rb:58)
  Rendering /usr/share/rvm/gems/ruby-2.6.1/gems/web-console-2.3.0/lib/web_console/templates/index.html.erb
  Rendered /usr/share/rvm/gems/ruby-2.6.1/gems/web-console-2.3.0/lib/web_console/templates/_markup.html.erb (0.8ms)
  Rendering /usr/share/rvm/gems/ruby-2.6.1/gems/web-console-2.3.0/lib/web_console/templates/console.js.erb within layouts/javascript
  Rendering /usr/share/rvm/gems/ruby-2.6.1/gems/web-console-2.3.0/lib/web_console/templates/_inner_console_markup.html.erb within layouts/inlined_string
  Rendered /usr/share/rvm/gems/ruby-2.6.1/gems/web-console-2.3.0/lib/web_console/templates/_inner_console_markup.html.erb within layouts/inlined_string (0.3ms)
  Rendering /usr/share/rvm/gems/ruby-2.6.1/gems/web-console-2.3.0/lib/web_console/templates/_prompt_box_markup.html.erb within layouts/inlined_string
  Rendered /usr/share/rvm/gems/ruby-2.6.1/gems/web-console-2.3.0/lib/web_console/templates/_prompt_box_markup.html.erb within layouts/inlined_string (0.2ms)
  Rendering /usr/share/rvm/gems/ruby-2.6.1/gems/web-console-2.3.0/lib/web_console/templates/style.css.erb within layouts/inlined_string
  Rendered /usr/share/rvm/gems/ruby-2.6.1/gems/web-console-2.3.0/lib/web_console/templates/style.css.erb within layouts/inlined_string (0.2ms)
DEPRECATION WARNING: Accessing mime types via constants is deprecated. Please change `Mime::WEB_CONSOLE_V2` to `Mime[:web_console_v2]`. (called from __usr_share_rvm_gems_ruby_______gems_web_console_______lib_web_console_templates_console_js_erb__1551548511913451882_70021239487660 at /usr/share/rvm/gems/ruby-2.6.1/gems/web-console-2.3.0/lib/web_console/templates/console.js.erb:491)
  Rendered /usr/share/rvm/gems/ruby-2.6.1/gems/web-console-2.3.0/lib/web_console/templates/console.js.erb within layouts/javascript (10.9ms)
  Rendering /usr/share/rvm/gems/ruby-2.6.1/gems/web-console-2.3.0/lib/web_console/templates/main.js.erb within layouts/javascript
  Rendered /usr/share/rvm/gems/ruby-2.6.1/gems/web-console-2.3.0/lib/web_console/templates/main.js.erb within layouts/javascript (0.4ms)
  Rendering /usr/share/rvm/gems/ruby-2.6.1/gems/web-console-2.3.0/lib/web_console/templates/error_page.js.erb within layouts/javascript
  Rendered /usr/share/rvm/gems/ruby-2.6.1/gems/web-console-2.3.0/lib/web_console/templates/error_page.js.erb within layouts/javascript (0.4ms)
  Rendered /usr/share/rvm/gems/ruby-2.6.1/gems/web-console-2.3.0/lib/web_console/templates/index.html.erb (21.4ms)
Started GET "/artists/1" for 127.0.0.1 at 2022-08-08 07:03:26 -0700
Processing by ArtistsController#show as HTML
  Parameters: {"id"=>"1"}
  [1m[36mArtist Load (0.1ms)[0m  [1m[34mSELECT  "artists".* FROM "artists" WHERE "artists"."id" = ? LIMIT ?[0m  [["id", 1], ["LIMIT", 1]]
  Rendering artists/show.html.erb within layouts/application
  [1m[36mSong Load (0.2ms)[0m  [1m[34mSELECT "songs".* FROM "songs" WHERE "songs"."artist_id" = ?[0m  [["artist_id", 1]]
  Rendered artists/show.html.erb within layouts/application (4.4ms)
Completed 200 OK in 12ms (Views: 11.4ms | ActiveRecord: 0.3ms)


Started GET "/artists/1/songs/9" for 127.0.0.1 at 2022-08-08 07:03:29 -0700
Processing by SongsController#show as HTML
  Parameters: {"artist_id"=>"1", "id"=>"9"}
  [1m[36mSong Load (0.1ms)[0m  [1m[34mSELECT  "songs".* FROM "songs" WHERE "songs"."id" = ? LIMIT ?[0m  [["id", 9], ["LIMIT", 1]]
  Rendering songs/show.html.erb within layouts/application
  [1m[36mArtist Load (0.1ms)[0m  [1m[34mSELECT  "artists".* FROM "artists" WHERE "artists"."id" = ? LIMIT ?[0m  [["id", 1], ["LIMIT", 1]]
  Rendered songs/show.html.erb within layouts/application (1.7ms)
Completed 200 OK in 5ms (Views: 4.4ms | ActiveRecord: 0.1ms)


Started GET "/artists/23/songs/" for 127.0.0.1 at 2022-08-08 07:11:03 -0700
  [1m[36mActiveRecord::SchemaMigration Load (0.1ms)[0m  [1m[34mSELECT "schema_migrations".* FROM "schema_migrations"[0m
Processing by SongsController#index as HTML
  Parameters: {"artist_id"=>"23"}
  [1m[36mArtist Load (0.1ms)[0m  [1m[34mSELECT  "artists".* FROM "artists" WHERE "artists"."id" = ? LIMIT ?[0m  [["id", 23], ["LIMIT", 1]]
Completed 404 Not Found in 5ms (ActiveRecord: 0.4ms)


  
ActiveRecord::RecordNotFound (Couldn't find Artist with 'id'=23):
  
app/controllers/songs_controller.rb:4:in `index'
  Rendering /usr/share/rvm/gems/ruby-2.6.1/gems/actionpack-5.0.7.1/lib/action_dispatch/middleware/templates/rescues/diagnostics.html.erb within rescues/layout
  Rendering /usr/share/rvm/gems/ruby-2.6.1/gems/actionpack-5.0.7.1/lib/action_dispatch/middleware/templates/rescues/_source.html.erb
  Rendered /usr/share/rvm/gems/ruby-2.6.1/gems/actionpack-5.0.7.1/lib/action_dispatch/middleware/templates/rescues/_source.html.erb (1.5ms)
  Rendering /usr/share/rvm/gems/ruby-2.6.1/gems/actionpack-5.0.7.1/lib/action_dispatch/middleware/templates/rescues/_trace.html.erb
  Rendered /usr/share/rvm/gems/ruby-2.6.1/gems/actionpack-5.0.7.1/lib/action_dispatch/middleware/templates/rescues/_trace.html.erb (1.0ms)
  Rendering /usr/share/rvm/gems/ruby-2.6.1/gems/actionpack-5.0.7.1/lib/action_dispatch/middleware/templates/rescues/_request_and_response.html.erb
  Rendered /usr/share/rvm/gems/ruby-2.6.1/gems/actionpack-5.0.7.1/lib/action_dispatch/middleware/templates/rescues/_request_and_response.html.erb (7.2ms)
  Rendered /usr/share/rvm/gems/ruby-2.6.1/gems/actionpack-5.0.7.1/lib/action_dispatch/middleware/templates/rescues/diagnostics.html.erb within rescues/layout (18.5ms)
DEPRECATION WARNING: Accessing mime types via constants is deprecated. Please change `Mime::HTML` to `Mime[:html]`. (called from acceptable_content_type? at /usr/share/rvm/gems/ruby-2.6.1/gems/web-console-2.3.0/lib/web_console/middleware.rb:58)
  Rendering /usr/share/rvm/gems/ruby-2.6.1/gems/web-console-2.3.0/lib/web_console/templates/index.html.erb
  Rendered /usr/share/rvm/gems/ruby-2.6.1/gems/web-console-2.3.0/lib/web_console/templates/_markup.html.erb (0.2ms)
  Rendering /usr/share/rvm/gems/ruby-2.6.1/gems/web-console-2.3.0/lib/web_console/templates/console.js.erb within layouts/javascript
  Rendering /usr/share/rvm/gems/ruby-2.6.1/gems/web-console-2.3.0/lib/web_console/templates/_inner_console_markup.html.erb within layouts/inlined_string
  Rendered /usr/share/rvm/gems/ruby-2.6.1/gems/web-console-2.3.0/lib/web_console/templates/_inner_console_markup.html.erb within layouts/inlined_string (0.5ms)
  Rendering /usr/share/rvm/gems/ruby-2.6.1/gems/web-console-2.3.0/lib/web_console/templates/_prompt_box_markup.html.erb within layouts/inlined_string
  Rendered /usr/share/rvm/gems/ruby-2.6.1/gems/web-console-2.3.0/lib/web_console/templates/_prompt_box_markup.html.erb within layouts/inlined_string (0.3ms)
  Rendering /usr/share/rvm/gems/ruby-2.6.1/gems/web-console-2.3.0/lib/web_console/templates/style.css.erb within layouts/inlined_string
  Rendered /usr/share/rvm/gems/ruby-2.6.1/gems/web-console-2.3.0/lib/web_console/templates/style.css.erb within layouts/inlined_string (0.7ms)
DEPRECATION WARNING: Accessing mime types via constants is deprecated. Please change `Mime::WEB_CONSOLE_V2` to `Mime[:web_console_v2]`. (called from __usr_share_rvm_gems_ruby_______gems_web_console_______lib_web_console_templates_console_js_erb__3853401961018433019_47304255766860 at /usr/share/rvm/gems/ruby-2.6.1/gems/web-console-2.3.0/lib/web_console/templates/console.js.erb:491)
  Rendered /usr/share/rvm/gems/ruby-2.6.1/gems/web-console-2.3.0/lib/web_console/templates/console.js.erb within layouts/javascript (12.6ms)
  Rendering /usr/share/rvm/gems/ruby-2.6.1/gems/web-console-2.3.0/lib/web_console/templates/main.js.erb within layouts/javascript
  Rendered /usr/share/rvm/gems/ruby-2.6.1/gems/web-console-2.3.0/lib/web_console/templates/main.js.erb within layouts/javascript (0.2ms)
  Rendering /usr/share/rvm/gems/ruby-2.6.1/gems/web-console-2.3.0/lib/web_console/templates/error_page.js.erb within layouts/javascript
  Rendered /usr/share/rvm/gems/ruby-2.6.1/gems/web-console-2.3.0/lib/web_console/templates/error_page.js.erb within layouts/javascript (0.4ms)
  Rendered /usr/share/rvm/gems/ruby-2.6.1/gems/web-console-2.3.0/lib/web_console/templates/index.html.erb (19.9ms)
Started GET "/artists/23/songs/" for 127.0.0.1 at 2022-08-08 07:11:27 -0700
Processing by SongsController#index as HTML
  Parameters: {"artist_id"=>"23"}
  [1m[36mArtist Load (0.1ms)[0m  [1m[34mSELECT  "artists".* FROM "artists" WHERE "artists"."id" = ? LIMIT ?[0m  [["id", 23], ["LIMIT", 1]]
Completed 404 Not Found in 4ms (ActiveRecord: 0.7ms)


  
ActiveRecord::RecordNotFound (Couldn't find Artist with 'id'=23):
  
app/controllers/songs_controller.rb:4:in `index'
  Rendering /usr/share/rvm/gems/ruby-2.6.1/gems/actionpack-5.0.7.1/lib/action_dispatch/middleware/templates/rescues/diagnostics.html.erb within rescues/layout
  Rendering /usr/share/rvm/gems/ruby-2.6.1/gems/actionpack-5.0.7.1/lib/action_dispatch/middleware/templates/rescues/_source.html.erb
  Rendered /usr/share/rvm/gems/ruby-2.6.1/gems/actionpack-5.0.7.1/lib/action_dispatch/middleware/templates/rescues/_source.html.erb (1.8ms)
  Rendering /usr/share/rvm/gems/ruby-2.6.1/gems/actionpack-5.0.7.1/lib/action_dispatch/middleware/templates/rescues/_trace.html.erb
  Rendered /usr/share/rvm/gems/ruby-2.6.1/gems/actionpack-5.0.7.1/lib/action_dispatch/middleware/templates/rescues/_trace.html.erb (0.9ms)
  Rendering /usr/share/rvm/gems/ruby-2.6.1/gems/actionpack-5.0.7.1/lib/action_dispatch/middleware/templates/rescues/_request_and_response.html.erb
  Rendered /usr/share/rvm/gems/ruby-2.6.1/gems/actionpack-5.0.7.1/lib/action_dispatch/middleware/templates/rescues/_request_and_response.html.erb (1.9ms)
  Rendered /usr/share/rvm/gems/ruby-2.6.1/gems/actionpack-5.0.7.1/lib/action_dispatch/middleware/templates/rescues/diagnostics.html.erb within rescues/layout (11.7ms)
DEPRECATION WARNING: Accessing mime types via constants is deprecated. Please change `Mime::HTML` to `Mime[:html]`. (called from acceptable_content_type? at /usr/share/rvm/gems/ruby-2.6.1/gems/web-console-2.3.0/lib/web_console/middleware.rb:58)
  Rendering /usr/share/rvm/gems/ruby-2.6.1/gems/web-console-2.3.0/lib/web_console/templates/index.html.erb
  Rendered /usr/share/rvm/gems/ruby-2.6.1/gems/web-console-2.3.0/lib/web_console/templates/_markup.html.erb (0.3ms)
  Rendering /usr/share/rvm/gems/ruby-2.6.1/gems/web-console-2.3.0/lib/web_console/templates/console.js.erb within layouts/javascript
  Rendering /usr/share/rvm/gems/ruby-2.6.1/gems/web-console-2.3.0/lib/web_console/templates/_inner_console_markup.html.erb within layouts/inlined_string
  Rendered /usr/share/rvm/gems/ruby-2.6.1/gems/web-console-2.3.0/lib/web_console/templates/_inner_console_markup.html.erb within layouts/inlined_string (0.3ms)
  Rendering /usr/share/rvm/gems/ruby-2.6.1/gems/web-console-2.3.0/lib/web_console/templates/_prompt_box_markup.html.erb within layouts/inlined_string
  Rendered /usr/share/rvm/gems/ruby-2.6.1/gems/web-console-2.3.0/lib/web_console/templates/_prompt_box_markup.html.erb within layouts/inlined_string (0.2ms)
  Rendering /usr/share/rvm/gems/ruby-2.6.1/gems/web-console-2.3.0/lib/web_console/templates/style.css.erb within layouts/inlined_string
  Rendered /usr/share/rvm/gems/ruby-2.6.1/gems/web-console-2.3.0/lib/web_console/templates/style.css.erb within layouts/inlined_string (0.2ms)
DEPRECATION WARNING: Accessing mime types via constants is deprecated. Please change `Mime::WEB_CONSOLE_V2` to `Mime[:web_console_v2]`. (called from __usr_share_rvm_gems_ruby_______gems_web_console_______lib_web_console_templates_console_js_erb__3853401961018433019_47304248555920 at /usr/share/rvm/gems/ruby-2.6.1/gems/web-console-2.3.0/lib/web_console/templates/console.js.erb:491)
  Rendered /usr/share/rvm/gems/ruby-2.6.1/gems/web-console-2.3.0/lib/web_console/templates/console.js.erb within layouts/javascript (8.0ms)
  Rendering /usr/share/rvm/gems/ruby-2.6.1/gems/web-console-2.3.0/lib/web_console/templates/main.js.erb within layouts/javascript
  Rendered /usr/share/rvm/gems/ruby-2.6.1/gems/web-console-2.3.0/lib/web_console/templates/main.js.erb within layouts/javascript (0.4ms)
  Rendering /usr/share/rvm/gems/ruby-2.6.1/gems/web-console-2.3.0/lib/web_console/templates/error_page.js.erb within layouts/javascript
  Rendered /usr/share/rvm/gems/ruby-2.6.1/gems/web-console-2.3.0/lib/web_console/templates/error_page.js.erb within layouts/javascript (0.3ms)
  Rendered /usr/share/rvm/gems/ruby-2.6.1/gems/web-console-2.3.0/lib/web_console/templates/index.html.erb (21.6ms)
Started GET "/artists/23/songs/" for 127.0.0.1 at 2022-08-08 07:11:44 -0700
Processing by SongsController#index as HTML
  Parameters: {"artist_id"=>"23"}
  [1m[36mArtist Load (0.1ms)[0m  [1m[34mSELECT  "artists".* FROM "artists" WHERE "artists"."id" = ? LIMIT ?[0m  [["id", 23], ["LIMIT", 1]]
Redirected to http://127.0.0.1:3000/artists
Completed 302 Found in 4ms (ActiveRecord: 1.0ms)


Started GET "/artists" for 127.0.0.1 at 2022-08-08 07:11:44 -0700
Processing by ArtistsController#index as HTML
  Rendering artists/index.html.erb within layouts/application
  [1m[36mArtist Load (0.1ms)[0m  [1m[34mSELECT "artists".* FROM "artists"[0m
  Rendered artists/index.html.erb within layouts/application (3.4ms)
Completed 200 OK in 98ms (Views: 97.2ms | ActiveRecord: 0.4ms)


Started GET "/artists/1/songs" for 127.0.0.1 at 2022-08-08 17:41:27 -0700
  [1m[36mActiveRecord::SchemaMigration Load (0.1ms)[0m  [1m[34mSELECT "schema_migrations".* FROM "schema_migrations"[0m
Processing by SongsController#index as HTML
  Parameters: {"artist_id"=>"1"}
  [1m[36mArtist Load (0.3ms)[0m  [1m[34mSELECT  "artists".* FROM "artists" WHERE "artists"."id" = ? LIMIT ?[0m  [["id", 1], ["LIMIT", 1]]
  [1m[36mArtist Load (0.1ms)[0m  [1m[34mSELECT  "artists".* FROM "artists" WHERE "artists"."id" = ? LIMIT ?[0m  [["id", 1], ["LIMIT", 1]]
  Rendering songs/index.html.erb within layouts/application
  [1m[36mSong Load (0.2ms)[0m  [1m[34mSELECT "songs".* FROM "songs" WHERE "songs"."artist_id" = ?[0m  [["artist_id", 1]]
  Rendered songs/index.html.erb within layouts/application (19.5ms)
Completed 200 OK in 202ms (Views: 182.8ms | ActiveRecord: 1.4ms)


Started GET "/artists/1/songs/1" for 127.0.0.1 at 2022-08-08 17:41:31 -0700
Processing by SongsController#show as HTML
  Parameters: {"artist_id"=>"1", "id"=>"1"}
  [1m[36mArtist Load (0.1ms)[0m  [1m[34mSELECT  "artists".* FROM "artists" WHERE "artists"."id" = ? LIMIT ?[0m  [["id", 1], ["LIMIT", 1]]
  [1m[36mCACHE (0.0ms)[0m  [1m[34mSELECT  "artists".* FROM "artists" WHERE "artists"."id" = ? LIMIT ?[0m  [["id", 1], ["LIMIT", 1]]
Completed 500 Internal Server Error in 7499ms (ActiveRecord: 0.1ms)


  
SystemExit (exit):
  
app/controllers/songs_controller.rb:22:in `show'
  Rendering /usr/share/rvm/gems/ruby-2.6.1/gems/actionpack-5.0.7.1/lib/action_dispatch/middleware/templates/rescues/diagnostics.html.erb within rescues/layout
  Rendering /usr/share/rvm/gems/ruby-2.6.1/gems/actionpack-5.0.7.1/lib/action_dispatch/middleware/templates/rescues/_source.html.erb
  Rendered /usr/share/rvm/gems/ruby-2.6.1/gems/actionpack-5.0.7.1/lib/action_dispatch/middleware/templates/rescues/_source.html.erb (2.3ms)
  Rendering /usr/share/rvm/gems/ruby-2.6.1/gems/actionpack-5.0.7.1/lib/action_dispatch/middleware/templates/rescues/_trace.html.erb
  Rendered /usr/share/rvm/gems/ruby-2.6.1/gems/actionpack-5.0.7.1/lib/action_dispatch/middleware/templates/rescues/_trace.html.erb (1.0ms)
  Rendering /usr/share/rvm/gems/ruby-2.6.1/gems/actionpack-5.0.7.1/lib/action_dispatch/middleware/templates/rescues/_request_and_response.html.erb
  Rendered /usr/share/rvm/gems/ruby-2.6.1/gems/actionpack-5.0.7.1/lib/action_dispatch/middleware/templates/rescues/_request_and_response.html.erb (1.0ms)
  Rendered /usr/share/rvm/gems/ruby-2.6.1/gems/actionpack-5.0.7.1/lib/action_dispatch/middleware/templates/rescues/diagnostics.html.erb within rescues/layout (25.4ms)
DEPRECATION WARNING: Accessing mime types via constants is deprecated. Please change `Mime::HTML` to `Mime[:html]`. (called from acceptable_content_type? at /usr/share/rvm/gems/ruby-2.6.1/gems/web-console-2.3.0/lib/web_console/middleware.rb:58)
  Rendering /usr/share/rvm/gems/ruby-2.6.1/gems/web-console-2.3.0/lib/web_console/templates/index.html.erb
  Rendered /usr/share/rvm/gems/ruby-2.6.1/gems/web-console-2.3.0/lib/web_console/templates/_markup.html.erb (0.3ms)
  Rendering /usr/share/rvm/gems/ruby-2.6.1/gems/web-console-2.3.0/lib/web_console/templates/console.js.erb within layouts/javascript
  Rendering /usr/share/rvm/gems/ruby-2.6.1/gems/web-console-2.3.0/lib/web_console/templates/_inner_console_markup.html.erb within layouts/inlined_string
  Rendered /usr/share/rvm/gems/ruby-2.6.1/gems/web-console-2.3.0/lib/web_console/templates/_inner_console_markup.html.erb within layouts/inlined_string (0.3ms)
  Rendering /usr/share/rvm/gems/ruby-2.6.1/gems/web-console-2.3.0/lib/web_console/templates/_prompt_box_markup.html.erb within layouts/inlined_string
  Rendered /usr/share/rvm/gems/ruby-2.6.1/gems/web-console-2.3.0/lib/web_console/templates/_prompt_box_markup.html.erb within layouts/inlined_string (0.2ms)
  Rendering /usr/share/rvm/gems/ruby-2.6.1/gems/web-console-2.3.0/lib/web_console/templates/style.css.erb within layouts/inlined_string
  Rendered /usr/share/rvm/gems/ruby-2.6.1/gems/web-console-2.3.0/lib/web_console/templates/style.css.erb within layouts/inlined_string (0.4ms)
DEPRECATION WARNING: Accessing mime types via constants is deprecated. Please change `Mime::WEB_CONSOLE_V2` to `Mime[:web_console_v2]`. (called from __usr_share_rvm_gems_ruby_______gems_web_console_______lib_web_console_templates_console_js_erb__3033119006947848017_69970298490300 at /usr/share/rvm/gems/ruby-2.6.1/gems/web-console-2.3.0/lib/web_console/templates/console.js.erb:491)
  Rendered /usr/share/rvm/gems/ruby-2.6.1/gems/web-console-2.3.0/lib/web_console/templates/console.js.erb within layouts/javascript (21.0ms)
  Rendering /usr/share/rvm/gems/ruby-2.6.1/gems/web-console-2.3.0/lib/web_console/templates/main.js.erb within layouts/javascript
  Rendered /usr/share/rvm/gems/ruby-2.6.1/gems/web-console-2.3.0/lib/web_console/templates/main.js.erb within layouts/javascript (0.2ms)
  Rendering /usr/share/rvm/gems/ruby-2.6.1/gems/web-console-2.3.0/lib/web_console/templates/error_page.js.erb within layouts/javascript
  Rendered /usr/share/rvm/gems/ruby-2.6.1/gems/web-console-2.3.0/lib/web_console/templates/error_page.js.erb within layouts/javascript (0.3ms)
  Rendered /usr/share/rvm/gems/ruby-2.6.1/gems/web-console-2.3.0/lib/web_console/templates/index.html.erb (37.3ms)
Started GET "/artists/1/songs/1" for 127.0.0.1 at 2022-08-08 17:41:40 -0700
Processing by SongsController#show as HTML
  Parameters: {"artist_id"=>"1", "id"=>"1"}
  [1m[36mArtist Load (0.1ms)[0m  [1m[34mSELECT  "artists".* FROM "artists" WHERE "artists"."id" = ? LIMIT ?[0m  [["id", 1], ["LIMIT", 1]]
  [1m[36mCACHE (0.0ms)[0m  [1m[34mSELECT  "artists".* FROM "artists" WHERE "artists"."id" = ? LIMIT ?[0m  [["id", 1], ["LIMIT", 1]]
  [1m[36mSong Load (0.1ms)[0m  [1m[34mSELECT  "songs".* FROM "songs" WHERE "songs"."artist_id" = ? AND "songs"."id" = ? LIMIT ?[0m  [["artist_id", 1], ["id", 1], ["LIMIT", 1]]
  [1m[36mSong Load (0.2ms)[0m  [1m[34mSELECT  "songs".* FROM "songs" WHERE "songs"."id" = ? LIMIT ?[0m  [["id", 1], ["LIMIT", 1]]
  [1m[36mCACHE (0.0ms)[0m  [1m[34mSELECT  "songs".* FROM "songs" WHERE "songs"."id" = ? LIMIT ?[0m  [["id", 1], ["LIMIT", 1]]
  Rendering songs/show.html.erb within layouts/application
  [1m[36mArtist Load (0.1ms)[0m  [1m[34mSELECT  "artists".* FROM "artists" WHERE "artists"."id" = ? LIMIT ?[0m  [["id", 1], ["LIMIT", 1]]
  Rendered songs/show.html.erb within layouts/application (2.2ms)
Completed 200 OK in 22ms (Views: 6.5ms | ActiveRecord: 1.2ms)


Started GET "/artists/1/songs/123456" for 127.0.0.1 at 2022-08-08 17:41:44 -0700
Processing by SongsController#show as HTML
  Parameters: {"artist_id"=>"1", "id"=>"123456"}
  [1m[36mArtist Load (0.1ms)[0m  [1m[34mSELECT  "artists".* FROM "artists" WHERE "artists"."id" = ? LIMIT ?[0m  [["id", 1], ["LIMIT", 1]]
  [1m[36mCACHE (0.0ms)[0m  [1m[34mSELECT  "artists".* FROM "artists" WHERE "artists"."id" = ? LIMIT ?[0m  [["id", 1], ["LIMIT", 1]]
  [1m[36mSong Load (0.1ms)[0m  [1m[34mSELECT  "songs".* FROM "songs" WHERE "songs"."artist_id" = ? AND "songs"."id" = ? LIMIT ?[0m  [["artist_id", 1], ["id", 123456], ["LIMIT", 1]]
Redirected to http://127.0.0.1:3000/artists/1/songs
  [1m[36mSong Load (0.1ms)[0m  [1m[34mSELECT  "songs".* FROM "songs" WHERE "songs"."id" = ? LIMIT ?[0m  [["id", 123456], ["LIMIT", 1]]
Completed 404 Not Found in 4ms (ActiveRecord: 0.3ms)


  
ActiveRecord::RecordNotFound (Couldn't find Song with 'id'=123456):
  
app/controllers/songs_controller.rb:29:in `show'
  Rendering /usr/share/rvm/gems/ruby-2.6.1/gems/actionpack-5.0.7.1/lib/action_dispatch/middleware/templates/rescues/diagnostics.html.erb within rescues/layout
  Rendering /usr/share/rvm/gems/ruby-2.6.1/gems/actionpack-5.0.7.1/lib/action_dispatch/middleware/templates/rescues/_source.html.erb
  Rendered /usr/share/rvm/gems/ruby-2.6.1/gems/actionpack-5.0.7.1/lib/action_dispatch/middleware/templates/rescues/_source.html.erb (2.0ms)
  Rendering /usr/share/rvm/gems/ruby-2.6.1/gems/actionpack-5.0.7.1/lib/action_dispatch/middleware/templates/rescues/_trace.html.erb
  Rendered /usr/share/rvm/gems/ruby-2.6.1/gems/actionpack-5.0.7.1/lib/action_dispatch/middleware/templates/rescues/_trace.html.erb (1.4ms)
  Rendering /usr/share/rvm/gems/ruby-2.6.1/gems/actionpack-5.0.7.1/lib/action_dispatch/middleware/templates/rescues/_request_and_response.html.erb
  Rendered /usr/share/rvm/gems/ruby-2.6.1/gems/actionpack-5.0.7.1/lib/action_dispatch/middleware/templates/rescues/_request_and_response.html.erb (1.2ms)
  Rendered /usr/share/rvm/gems/ruby-2.6.1/gems/actionpack-5.0.7.1/lib/action_dispatch/middleware/templates/rescues/diagnostics.html.erb within rescues/layout (12.8ms)
DEPRECATION WARNING: Accessing mime types via constants is deprecated. Please change `Mime::HTML` to `Mime[:html]`. (called from acceptable_content_type? at /usr/share/rvm/gems/ruby-2.6.1/gems/web-console-2.3.0/lib/web_console/middleware.rb:58)
  Rendering /usr/share/rvm/gems/ruby-2.6.1/gems/web-console-2.3.0/lib/web_console/templates/index.html.erb
  Rendered /usr/share/rvm/gems/ruby-2.6.1/gems/web-console-2.3.0/lib/web_console/templates/_markup.html.erb (0.5ms)
  Rendering /usr/share/rvm/gems/ruby-2.6.1/gems/web-console-2.3.0/lib/web_console/templates/console.js.erb within layouts/javascript
  Rendering /usr/share/rvm/gems/ruby-2.6.1/gems/web-console-2.3.0/lib/web_console/templates/_inner_console_markup.html.erb within layouts/inlined_string
  Rendered /usr/share/rvm/gems/ruby-2.6.1/gems/web-console-2.3.0/lib/web_console/templates/_inner_console_markup.html.erb within layouts/inlined_string (0.3ms)
  Rendering /usr/share/rvm/gems/ruby-2.6.1/gems/web-console-2.3.0/lib/web_console/templates/_prompt_box_markup.html.erb within layouts/inlined_string
  Rendered /usr/share/rvm/gems/ruby-2.6.1/gems/web-console-2.3.0/lib/web_console/templates/_prompt_box_markup.html.erb within layouts/inlined_string (0.3ms)
  Rendering /usr/share/rvm/gems/ruby-2.6.1/gems/web-console-2.3.0/lib/web_console/templates/style.css.erb within layouts/inlined_string
  Rendered /usr/share/rvm/gems/ruby-2.6.1/gems/web-console-2.3.0/lib/web_console/templates/style.css.erb within layouts/inlined_string (0.4ms)
DEPRECATION WARNING: Accessing mime types via constants is deprecated. Please change `Mime::WEB_CONSOLE_V2` to `Mime[:web_console_v2]`. (called from __usr_share_rvm_gems_ruby_______gems_web_console_______lib_web_console_templates_console_js_erb__3033119006947848017_69970303447400 at /usr/share/rvm/gems/ruby-2.6.1/gems/web-console-2.3.0/lib/web_console/templates/console.js.erb:491)
  Rendered /usr/share/rvm/gems/ruby-2.6.1/gems/web-console-2.3.0/lib/web_console/templates/console.js.erb within layouts/javascript (11.0ms)
  Rendering /usr/share/rvm/gems/ruby-2.6.1/gems/web-console-2.3.0/lib/web_console/templates/main.js.erb within layouts/javascript
  Rendered /usr/share/rvm/gems/ruby-2.6.1/gems/web-console-2.3.0/lib/web_console/templates/main.js.erb within layouts/javascript (0.4ms)
  Rendering /usr/share/rvm/gems/ruby-2.6.1/gems/web-console-2.3.0/lib/web_console/templates/error_page.js.erb within layouts/javascript
  Rendered /usr/share/rvm/gems/ruby-2.6.1/gems/web-console-2.3.0/lib/web_console/templates/error_page.js.erb within layouts/javascript (0.3ms)
  Rendered /usr/share/rvm/gems/ruby-2.6.1/gems/web-console-2.3.0/lib/web_console/templates/index.html.erb (20.6ms)
Started GET "/artists/1/songs/123456" for 127.0.0.1 at 2022-08-08 17:42:40 -0700
Processing by SongsController#show as HTML
  Parameters: {"artist_id"=>"1", "id"=>"123456"}
  [1m[36mArtist Load (0.1ms)[0m  [1m[34mSELECT  "artists".* FROM "artists" WHERE "artists"."id" = ? LIMIT ?[0m  [["id", 1], ["LIMIT", 1]]
  [1m[36mCACHE (0.0ms)[0m  [1m[34mSELECT  "artists".* FROM "artists" WHERE "artists"."id" = ? LIMIT ?[0m  [["id", 1], ["LIMIT", 1]]
  [1m[36mSong Load (0.1ms)[0m  [1m[34mSELECT  "songs".* FROM "songs" WHERE "songs"."artist_id" = ? AND "songs"."id" = ? LIMIT ?[0m  [["artist_id", 1], ["id", 123456], ["LIMIT", 1]]
Redirected to http://127.0.0.1:3000/artists/1/songs
Completed 302 Found in 13ms (ActiveRecord: 1.7ms)


Started GET "/artists/1/songs" for 127.0.0.1 at 2022-08-08 17:42:40 -0700
Processing by SongsController#index as HTML
  Parameters: {"artist_id"=>"1"}
  [1m[36mArtist Load (0.1ms)[0m  [1m[34mSELECT  "artists".* FROM "artists" WHERE "artists"."id" = ? LIMIT ?[0m  [["id", 1], ["LIMIT", 1]]
  [1m[36mCACHE (0.0ms)[0m  [1m[34mSELECT  "artists".* FROM "artists" WHERE "artists"."id" = ? LIMIT ?[0m  [["id", 1], ["LIMIT", 1]]
  Rendering songs/index.html.erb within layouts/application
  [1m[36mSong Load (0.2ms)[0m  [1m[34mSELECT "songs".* FROM "songs" WHERE "songs"."artist_id" = ?[0m  [["artist_id", 1]]
  Rendered songs/index.html.erb within layouts/application (24.8ms)
Completed 200 OK in 33ms (Views: 30.5ms | ActiveRecord: 0.5ms)


Started GET "/artists/1/songs/123456" for 127.0.0.1 at 2022-08-08 17:42:44 -0700
Processing by SongsController#show as HTML
  Parameters: {"artist_id"=>"1", "id"=>"123456"}
  [1m[36mArtist Load (0.1ms)[0m  [1m[34mSELECT  "artists".* FROM "artists" WHERE "artists"."id" = ? LIMIT ?[0m  [["id", 1], ["LIMIT", 1]]
  [1m[36mCACHE (0.0ms)[0m  [1m[34mSELECT  "artists".* FROM "artists" WHERE "artists"."id" = ? LIMIT ?[0m  [["id", 1], ["LIMIT", 1]]
  [1m[36mSong Load (0.2ms)[0m  [1m[34mSELECT  "songs".* FROM "songs" WHERE "songs"."artist_id" = ? AND "songs"."id" = ? LIMIT ?[0m  [["artist_id", 1], ["id", 123456], ["LIMIT", 1]]
Redirected to http://127.0.0.1:3000/artists/1/songs
Completed 302 Found in 3ms (ActiveRecord: 0.3ms)


Started GET "/artists/1/songs" for 127.0.0.1 at 2022-08-08 17:42:44 -0700
Processing by SongsController#index as HTML
  Parameters: {"artist_id"=>"1"}
  [1m[36mArtist Load (0.1ms)[0m  [1m[34mSELECT  "artists".* FROM "artists" WHERE "artists"."id" = ? LIMIT ?[0m  [["id", 1], ["LIMIT", 1]]
  [1m[36mCACHE (0.0ms)[0m  [1m[34mSELECT  "artists".* FROM "artists" WHERE "artists"."id" = ? LIMIT ?[0m  [["id", 1], ["LIMIT", 1]]
  Rendering songs/index.html.erb within layouts/application
  [1m[36mSong Load (0.1ms)[0m  [1m[34mSELECT "songs".* FROM "songs" WHERE "songs"."artist_id" = ?[0m  [["artist_id", 1]]
  Rendered songs/index.html.erb within layouts/application (2.3ms)
Completed 200 OK in 9ms (Views: 7.2ms | ActiveRecord: 0.2ms)


